SF:/home/rmondo/repos/beatbox-trainer/rust/src/analysis/classifier.rs
FN:334,_RNvNtNtNtCsgw67b32qZET_15beatbox_trainer8analysis10classifier5tests15create_features
FN:345,_RNvNtNtNtCsgw67b32qZET_15beatbox_trainer8analysis10classifier5tests17create_classifier
FN:351,_RNvNtNtNtCsgw67b32qZET_15beatbox_trainer8analysis10classifier5testss_25test_classify_level1_kick
FN:390,_RNvNtNtNtCsgw67b32qZET_15beatbox_trainer8analysis10classifier5testss_26test_classify_level1_hihat
FN:373,_RNvNtNtNtCsgw67b32qZET_15beatbox_trainer8analysis10classifier5testss_26test_classify_level1_snare
FN:408,_RNvNtNtNtCsgw67b32qZET_15beatbox_trainer8analysis10classifier5testss_28test_classify_level1_unknown
FN:629,_RNvNtNtNtCsgw67b32qZET_15beatbox_trainer8analysis10classifier5testss_32test_all_enum_variants_reachable
FN:562,_RNvNtNtNtCsgw67b32qZET_15beatbox_trainer8analysis10classifier5testss_33test_classify_dispatches_by_level
FN:426,_RNvNtNtNtCsgw67b32qZET_15beatbox_trainer8analysis10classifier5testss_35test_classify_level1_boundary_cases
FN:468,_RNvNtNtNtCsgw67b32qZET_15beatbox_trainer8analysis10classifier5testss_35test_classify_level2_kick_vs_ksnare
FN:589,_RNvNtNtNtCsgw67b32qZET_15beatbox_trainer8analysis10classifier5testss_35test_thread_safe_calibration_access
FN:545,_RNvNtNtNtCsgw67b32qZET_15beatbox_trainer8analysis10classifier5testss_36test_classify_level2_snare_unchanged
FN:606,_RNvNtNtNtCsgw67b32qZET_15beatbox_trainer8analysis10classifier5testss_39test_classifier_with_custom_calibration
FN:507,_RNvNtNtNtCsgw67b32qZET_15beatbox_trainer8analysis10classifier5testss_41test_classify_level2_closed_vs_open_hihat
FN:73,_RNvMNtNtCsgw67b32qZET_15beatbox_trainer8analysis10classifierNtB2_10Classifier15classify_level1
FN:163,_RNvMNtNtCsgw67b32qZET_15beatbox_trainer8analysis10classifierNtB2_10Classifier15classify_level2
FN:231,_RNvMNtNtCsgw67b32qZET_15beatbox_trainer8analysis10classifierNtB2_10Classifier25classify_kick_subcategory
FN:242,_RNvMNtNtCsgw67b32qZET_15beatbox_trainer8analysis10classifierNtB2_10Classifier26classify_hihat_subcategory
FN:212,_RNvMNtNtCsgw67b32qZET_15beatbox_trainer8analysis10classifierNtB2_10Classifier27apply_level2_decision_rules
FN:119,_RNvMNtNtCsgw67b32qZET_15beatbox_trainer8analysis10classifierNtB2_10Classifier27calculate_kick_score_level1
FN:253,_RNvMNtNtCsgw67b32qZET_15beatbox_trainer8analysis10classifierNtB2_10Classifier27calculate_kick_score_level2
FN:183,_RNvMNtNtCsgw67b32qZET_15beatbox_trainer8analysis10classifierNtB2_10Classifier27calculate_level2_confidence
FN:142,_RNvMNtNtCsgw67b32qZET_15beatbox_trainer8analysis10classifierNtB2_10Classifier28calculate_hihat_score_level1
FN:131,_RNvMNtNtCsgw67b32qZET_15beatbox_trainer8analysis10classifierNtB2_10Classifier28calculate_snare_score_level1
FN:261,_RNvMNtNtCsgw67b32qZET_15beatbox_trainer8analysis10classifierNtB2_10Classifier29calculate_ksnare_score_level2
FN:285,_RNvMNtNtCsgw67b32qZET_15beatbox_trainer8analysis10classifierNtB2_10Classifier33calculate_open_hihat_score_level2
FN:269,_RNvMNtNtCsgw67b32qZET_15beatbox_trainer8analysis10classifierNtB2_10Classifier35calculate_closed_hihat_score_level2
FN:56,_RNvMNtNtCsgw67b32qZET_15beatbox_trainer8analysis10classifierNtB2_10Classifier3new
FN:310,_RNvMNtNtCsgw67b32qZET_15beatbox_trainer8analysis10classifierNtB2_10Classifier8classify
FN:73,_RNvMNtNtCsiSK7pM3Y3fM_15beatbox_trainer8analysis10classifierNtB2_10Classifier15classify_level1
FN:163,_RNvMNtNtCsiSK7pM3Y3fM_15beatbox_trainer8analysis10classifierNtB2_10Classifier15classify_level2
FN:231,_RNvMNtNtCsiSK7pM3Y3fM_15beatbox_trainer8analysis10classifierNtB2_10Classifier25classify_kick_subcategory
FN:242,_RNvMNtNtCsiSK7pM3Y3fM_15beatbox_trainer8analysis10classifierNtB2_10Classifier26classify_hihat_subcategory
FN:212,_RNvMNtNtCsiSK7pM3Y3fM_15beatbox_trainer8analysis10classifierNtB2_10Classifier27apply_level2_decision_rules
FN:119,_RNvMNtNtCsiSK7pM3Y3fM_15beatbox_trainer8analysis10classifierNtB2_10Classifier27calculate_kick_score_level1
FN:253,_RNvMNtNtCsiSK7pM3Y3fM_15beatbox_trainer8analysis10classifierNtB2_10Classifier27calculate_kick_score_level2
FN:183,_RNvMNtNtCsiSK7pM3Y3fM_15beatbox_trainer8analysis10classifierNtB2_10Classifier27calculate_level2_confidence
FN:142,_RNvMNtNtCsiSK7pM3Y3fM_15beatbox_trainer8analysis10classifierNtB2_10Classifier28calculate_hihat_score_level1
FN:131,_RNvMNtNtCsiSK7pM3Y3fM_15beatbox_trainer8analysis10classifierNtB2_10Classifier28calculate_snare_score_level1
FN:261,_RNvMNtNtCsiSK7pM3Y3fM_15beatbox_trainer8analysis10classifierNtB2_10Classifier29calculate_ksnare_score_level2
FN:285,_RNvMNtNtCsiSK7pM3Y3fM_15beatbox_trainer8analysis10classifierNtB2_10Classifier33calculate_open_hihat_score_level2
FN:269,_RNvMNtNtCsiSK7pM3Y3fM_15beatbox_trainer8analysis10classifierNtB2_10Classifier35calculate_closed_hihat_score_level2
FN:56,_RNvMNtNtCsiSK7pM3Y3fM_15beatbox_trainer8analysis10classifierNtB2_10Classifier3new
FN:310,_RNvMNtNtCsiSK7pM3Y3fM_15beatbox_trainer8analysis10classifierNtB2_10Classifier8classify
FNDA:25,_RNvNtNtNtCsgw67b32qZET_15beatbox_trainer8analysis10classifier5tests15create_features
FNDA:10,_RNvNtNtNtCsgw67b32qZET_15beatbox_trainer8analysis10classifier5tests17create_classifier
FNDA:1,_RNvNtNtNtCsgw67b32qZET_15beatbox_trainer8analysis10classifier5testss_25test_classify_level1_kick
FNDA:1,_RNvNtNtNtCsgw67b32qZET_15beatbox_trainer8analysis10classifier5testss_26test_classify_level1_hihat
FNDA:1,_RNvNtNtNtCsgw67b32qZET_15beatbox_trainer8analysis10classifier5testss_26test_classify_level1_snare
FNDA:1,_RNvNtNtNtCsgw67b32qZET_15beatbox_trainer8analysis10classifier5testss_28test_classify_level1_unknown
FNDA:1,_RNvNtNtNtCsgw67b32qZET_15beatbox_trainer8analysis10classifier5testss_32test_all_enum_variants_reachable
FNDA:1,_RNvNtNtNtCsgw67b32qZET_15beatbox_trainer8analysis10classifier5testss_33test_classify_dispatches_by_level
FNDA:1,_RNvNtNtNtCsgw67b32qZET_15beatbox_trainer8analysis10classifier5testss_35test_classify_level1_boundary_cases
FNDA:1,_RNvNtNtNtCsgw67b32qZET_15beatbox_trainer8analysis10classifier5testss_35test_classify_level2_kick_vs_ksnare
FNDA:1,_RNvNtNtNtCsgw67b32qZET_15beatbox_trainer8analysis10classifier5testss_35test_thread_safe_calibration_access
FNDA:1,_RNvNtNtNtCsgw67b32qZET_15beatbox_trainer8analysis10classifier5testss_36test_classify_level2_snare_unchanged
FNDA:1,_RNvNtNtNtCsgw67b32qZET_15beatbox_trainer8analysis10classifier5testss_39test_classifier_with_custom_calibration
FNDA:1,_RNvNtNtNtCsgw67b32qZET_15beatbox_trainer8analysis10classifier5testss_41test_classify_level2_closed_vs_open_hihat
FNDA:18,_RNvMNtNtCsgw67b32qZET_15beatbox_trainer8analysis10classifierNtB2_10Classifier15classify_level1
FNDA:12,_RNvMNtNtCsgw67b32qZET_15beatbox_trainer8analysis10classifierNtB2_10Classifier15classify_level2
FNDA:6,_RNvMNtNtCsgw67b32qZET_15beatbox_trainer8analysis10classifierNtB2_10Classifier25classify_kick_subcategory
FNDA:5,_RNvMNtNtCsgw67b32qZET_15beatbox_trainer8analysis10classifierNtB2_10Classifier26classify_hihat_subcategory
FNDA:12,_RNvMNtNtCsgw67b32qZET_15beatbox_trainer8analysis10classifierNtB2_10Classifier27apply_level2_decision_rules
FNDA:42,_RNvMNtNtCsgw67b32qZET_15beatbox_trainer8analysis10classifierNtB2_10Classifier27calculate_kick_score_level1
FNDA:12,_RNvMNtNtCsgw67b32qZET_15beatbox_trainer8analysis10classifierNtB2_10Classifier27calculate_kick_score_level2
FNDA:12,_RNvMNtNtCsgw67b32qZET_15beatbox_trainer8analysis10classifierNtB2_10Classifier27calculate_level2_confidence
FNDA:54,_RNvMNtNtCsgw67b32qZET_15beatbox_trainer8analysis10classifierNtB2_10Classifier28calculate_hihat_score_level1
FNDA:30,_RNvMNtNtCsgw67b32qZET_15beatbox_trainer8analysis10classifierNtB2_10Classifier28calculate_snare_score_level1
FNDA:12,_RNvMNtNtCsgw67b32qZET_15beatbox_trainer8analysis10classifierNtB2_10Classifier29calculate_ksnare_score_level2
FNDA:12,_RNvMNtNtCsgw67b32qZET_15beatbox_trainer8analysis10classifierNtB2_10Classifier33calculate_open_hihat_score_level2
FNDA:12,_RNvMNtNtCsgw67b32qZET_15beatbox_trainer8analysis10classifierNtB2_10Classifier35calculate_closed_hihat_score_level2
FNDA:14,_RNvMNtNtCsgw67b32qZET_15beatbox_trainer8analysis10classifierNtB2_10Classifier3new
FNDA:5,_RNvMNtNtCsgw67b32qZET_15beatbox_trainer8analysis10classifierNtB2_10Classifier8classify
FNDA:0,_RNvMNtNtCsiSK7pM3Y3fM_15beatbox_trainer8analysis10classifierNtB2_10Classifier15classify_level1
FNDA:0,_RNvMNtNtCsiSK7pM3Y3fM_15beatbox_trainer8analysis10classifierNtB2_10Classifier15classify_level2
FNDA:0,_RNvMNtNtCsiSK7pM3Y3fM_15beatbox_trainer8analysis10classifierNtB2_10Classifier25classify_kick_subcategory
FNDA:0,_RNvMNtNtCsiSK7pM3Y3fM_15beatbox_trainer8analysis10classifierNtB2_10Classifier26classify_hihat_subcategory
FNDA:0,_RNvMNtNtCsiSK7pM3Y3fM_15beatbox_trainer8analysis10classifierNtB2_10Classifier27apply_level2_decision_rules
FNDA:0,_RNvMNtNtCsiSK7pM3Y3fM_15beatbox_trainer8analysis10classifierNtB2_10Classifier27calculate_kick_score_level1
FNDA:0,_RNvMNtNtCsiSK7pM3Y3fM_15beatbox_trainer8analysis10classifierNtB2_10Classifier27calculate_kick_score_level2
FNDA:0,_RNvMNtNtCsiSK7pM3Y3fM_15beatbox_trainer8analysis10classifierNtB2_10Classifier27calculate_level2_confidence
FNDA:0,_RNvMNtNtCsiSK7pM3Y3fM_15beatbox_trainer8analysis10classifierNtB2_10Classifier28calculate_hihat_score_level1
FNDA:0,_RNvMNtNtCsiSK7pM3Y3fM_15beatbox_trainer8analysis10classifierNtB2_10Classifier28calculate_snare_score_level1
FNDA:0,_RNvMNtNtCsiSK7pM3Y3fM_15beatbox_trainer8analysis10classifierNtB2_10Classifier29calculate_ksnare_score_level2
FNDA:0,_RNvMNtNtCsiSK7pM3Y3fM_15beatbox_trainer8analysis10classifierNtB2_10Classifier33calculate_open_hihat_score_level2
FNDA:0,_RNvMNtNtCsiSK7pM3Y3fM_15beatbox_trainer8analysis10classifierNtB2_10Classifier35calculate_closed_hihat_score_level2
FNDA:0,_RNvMNtNtCsiSK7pM3Y3fM_15beatbox_trainer8analysis10classifierNtB2_10Classifier3new
FNDA:0,_RNvMNtNtCsiSK7pM3Y3fM_15beatbox_trainer8analysis10classifierNtB2_10Classifier8classify
FNF:29
FNH:29
DA:56,14
DA:57,14
DA:58,14
DA:73,18
DA:75,18
DA:76,18
DA:79,0
DA:80,0
DA:86,18
DA:87,18
DA:88,18
DA:91,18
DA:92,18
DA:96,18
DA:97,18
DA:99,0
DA:103,18
DA:104,18
DA:105,8
DA:106,10
DA:107,4
DA:108,6
DA:109,3
DA:111,3
DA:114,18
DA:115,18
DA:119,42
DA:122,42
DA:123,42
DA:126,42
DA:127,42
DA:128,42
DA:131,30
DA:133,30
DA:134,30
DA:137,30
DA:138,30
DA:139,30
DA:142,54
DA:144,54
DA:145,54
DA:148,54
DA:149,54
DA:150,54
DA:163,12
DA:165,12
DA:166,12
DA:168,0
DA:169,0
DA:174,12
DA:177,12
DA:179,12
DA:180,12
DA:183,12
DA:184,12
DA:185,12
DA:186,12
DA:187,12
DA:188,12
DA:189,12
DA:191,12
DA:192,12
DA:193,12
DA:194,12
DA:195,12
DA:196,12
DA:197,12
DA:198,12
DA:199,12
DA:200,12
DA:201,12
DA:202,12
DA:204,12
DA:205,12
DA:207,0
DA:209,12
DA:212,12
DA:213,12
DA:214,12
DA:215,12
DA:216,12
DA:217,12
DA:219,6
DA:220,6
DA:221,1
DA:222,5
DA:224,5
DA:226,0
DA:228,12
DA:231,6
DA:232,6
DA:233,3
DA:234,3
DA:235,2
DA:237,1
DA:239,6
DA:242,5
DA:243,5
DA:244,2
DA:245,3
DA:246,2
DA:248,1
DA:250,5
DA:253,12
DA:254,12
DA:256,12
DA:257,12
DA:258,12
DA:261,12
DA:262,12
DA:264,12
DA:265,12
DA:266,12
DA:269,12
DA:270,12
DA:271,12
DA:272,12
DA:273,12
DA:274,12
DA:276,12
DA:277,8
DA:279,4
DA:281,12
DA:282,12
DA:285,12
DA:286,12
DA:287,12
DA:288,12
DA:289,12
DA:290,12
DA:292,12
DA:293,2
DA:295,10
DA:297,12
DA:298,12
DA:310,5
DA:312,5
DA:313,5
DA:316,0
DA:317,0
DA:322,5
DA:323,1
DA:324,4
DA:326,5
DA:334,25
DA:335,25
DA:336,25
DA:337,25
DA:338,25
DA:339,25
DA:340,25
DA:341,25
DA:342,25
DA:345,10
DA:346,10
DA:347,10
DA:348,10
DA:351,1
DA:352,1
DA:355,1
DA:356,1
DA:358,1
DA:361,0
DA:365,1
DA:366,1
DA:367,0
DA:370,1
DA:373,1
DA:374,1
DA:377,1
DA:378,1
DA:380,1
DA:383,0
DA:386,1
DA:387,1
DA:390,1
DA:391,1
DA:394,1
DA:395,1
DA:397,1
DA:400,0
DA:404,1
DA:405,1
DA:408,1
DA:409,1
DA:412,1
DA:413,1
DA:415,1
DA:418,0
DA:422,1
DA:423,1
DA:426,1
DA:427,1
DA:431,1
DA:432,1
DA:433,1
DA:436,0
DA:440,1
DA:441,1
DA:442,1
DA:445,0
DA:449,1
DA:450,1
DA:451,1
DA:454,0
DA:458,1
DA:459,1
DA:460,1
DA:463,0
DA:465,1
DA:468,1
DA:469,1
DA:472,1
DA:473,1
DA:474,1
DA:477,0
DA:480,1
DA:483,1
DA:484,1
DA:485,1
DA:488,0
DA:491,1
DA:494,1
DA:495,1
DA:496,1
DA:497,1
DA:500,0
DA:503,1
DA:504,1
DA:507,1
DA:508,1
DA:511,1
DA:512,1
DA:513,1
DA:516,0
DA:519,1
DA:522,1
DA:523,1
DA:524,1
DA:527,0
DA:530,1
DA:533,1
DA:534,1
DA:535,1
DA:538,0
DA:541,1
DA:542,1
DA:545,1
DA:546,1
DA:549,1
DA:550,1
DA:551,1
DA:553,1
DA:554,1
DA:555,1
DA:557,0
DA:559,1
DA:562,1
DA:564,1
DA:565,1
DA:566,1
DA:567,1
DA:569,1
DA:571,0
DA:575,1
DA:576,1
DA:577,1
DA:579,1
DA:580,1
DA:582,1
DA:584,0
DA:586,1
DA:589,1
DA:591,1
DA:592,1
DA:593,1
DA:595,1
DA:598,1
DA:599,1
DA:600,1
DA:601,0
DA:603,1
DA:606,1
DA:608,1
DA:609,1
DA:610,1
DA:612,1
DA:613,1
DA:616,1
DA:620,1
DA:621,1
DA:624,0
DA:626,1
DA:629,1
DA:630,1
DA:633,1
DA:634,1
DA:635,1
DA:636,1
DA:638,1
DA:639,1
DA:640,1
DA:641,1
DA:643,1
DA:644,1
DA:645,1
DA:646,1
DA:647,1
DA:648,1
DA:649,1
DA:650,1
BRF:0
BRH:0
LF:311
LH:282
end_of_record
SF:/home/rmondo/repos/beatbox-trainer/rust/src/analysis/features/fft.rs
FN:52,_RNvMNtNtNtCsgw67b32qZET_15beatbox_trainer8analysis8features3fftNtB2_12FftProcessor26compute_magnitude_spectrum
FN:26,_RNvMNtNtNtCsgw67b32qZET_15beatbox_trainer8analysis8features3fftNtB2_12FftProcessor3new
FN:76,_RNCNvMNtNtNtCsgw67b32qZET_15beatbox_trainer8analysis8features3fftNtB4_12FftProcessor26compute_magnitude_spectrum0Ba_
FN:29,_RNCNvMNtNtNtCsgw67b32qZET_15beatbox_trainer8analysis8features3fftNtB4_12FftProcessor3new0Ba_
FN:76,_RNCNvMNtNtNtCsiSK7pM3Y3fM_15beatbox_trainer8analysis8features3fftNtB4_12FftProcessor26compute_magnitude_spectrum0Ba_
FN:29,_RNCNvMNtNtNtCsiSK7pM3Y3fM_15beatbox_trainer8analysis8features3fftNtB4_12FftProcessor3new0Ba_
FN:52,_RNvMNtNtNtCsiSK7pM3Y3fM_15beatbox_trainer8analysis8features3fftNtB2_12FftProcessor26compute_magnitude_spectrum
FN:26,_RNvMNtNtNtCsiSK7pM3Y3fM_15beatbox_trainer8analysis8features3fftNtB2_12FftProcessor3new
FNDA:12,_RNvMNtNtNtCsgw67b32qZET_15beatbox_trainer8analysis8features3fftNtB2_12FftProcessor26compute_magnitude_spectrum
FNDA:10,_RNvMNtNtNtCsgw67b32qZET_15beatbox_trainer8analysis8features3fftNtB2_12FftProcessor3new
FNDA:6156,_RNCNvMNtNtNtCsgw67b32qZET_15beatbox_trainer8analysis8features3fftNtB4_12FftProcessor26compute_magnitude_spectrum0Ba_
FNDA:10240,_RNCNvMNtNtNtCsgw67b32qZET_15beatbox_trainer8analysis8features3fftNtB4_12FftProcessor3new0Ba_
FNDA:0,_RNCNvMNtNtNtCsiSK7pM3Y3fM_15beatbox_trainer8analysis8features3fftNtB4_12FftProcessor26compute_magnitude_spectrum0Ba_
FNDA:0,_RNCNvMNtNtNtCsiSK7pM3Y3fM_15beatbox_trainer8analysis8features3fftNtB4_12FftProcessor3new0Ba_
FNDA:0,_RNvMNtNtNtCsiSK7pM3Y3fM_15beatbox_trainer8analysis8features3fftNtB2_12FftProcessor26compute_magnitude_spectrum
FNDA:0,_RNvMNtNtNtCsiSK7pM3Y3fM_15beatbox_trainer8analysis8features3fftNtB2_12FftProcessor3new
FNF:4
FNH:4
DA:26,10
DA:28,10
DA:29,10240
DA:30,10240
DA:31,10240
DA:32,10240
DA:33,10
DA:35,10
DA:36,10
DA:37,10
DA:38,10
DA:39,10
DA:40,10
DA:52,12
DA:54,12
DA:56,11776
DA:57,11776
DA:58,11776
DA:59,11776
DA:60,11776
DA:64,524
DA:65,512
DA:66,512
DA:69,12
DA:70,12
DA:71,12
DA:74,12
DA:75,12
DA:76,6156
DA:77,12
DA:78,12
BRF:0
BRH:0
LF:33
LH:33
end_of_record
SF:/home/rmondo/repos/beatbox-trainer/rust/src/analysis/features/mod.rs
FN:52,_RNvMNtNtCsgw67b32qZET_15beatbox_trainer8analysis8featuresNtB2_16FeatureExtractor3new
FN:79,_RNvMNtNtCsgw67b32qZET_15beatbox_trainer8analysis8featuresNtB2_16FeatureExtractor7extract
FN:115,_RNvNtNtNtCsgw67b32qZET_15beatbox_trainer8analysis8features5tests18generate_sine_wave
FN:125,_RNvNtNtNtCsgw67b32qZET_15beatbox_trainer8analysis8features5tests20generate_white_noise
FN:134,_RNvNtNtNtCsgw67b32qZET_15beatbox_trainer8analysis8features5tests24generate_decaying_signal
FN:192,_RNvNtNtNtCsgw67b32qZET_15beatbox_trainer8analysis8features5testss_22test_zcr_sine_vs_noise
FN:251,_RNvNtNtNtCsgw67b32qZET_15beatbox_trainer8analysis8features5testss_24test_rolloff_calculation
FN:349,_RNvNtNtNtCsgw67b32qZET_15beatbox_trainer8analysis8features5testss_25test_extract_with_silence
FN:156,_RNvNtNtNtCsgw67b32qZET_15beatbox_trainer8analysis8features5testss_27test_centroid_low_frequency
FN:274,_RNvNtNtNtCsgw67b32qZET_15beatbox_trainer8analysis8features5testss_27test_decay_time_calculation
FN:221,_RNvNtNtNtCsgw67b32qZET_15beatbox_trainer8analysis8features5testss_27test_flatness_sine_vs_noise
FN:174,_RNvNtNtNtCsgw67b32qZET_15beatbox_trainer8analysis8features5testss_28test_centroid_high_frequency
FN:333,_RNvNtNtNtCsgw67b32qZET_15beatbox_trainer8analysis8features5testss_29test_extract_with_short_audio
FN:293,_RNvNtNtNtCsgw67b32qZET_15beatbox_trainer8analysis8features5testss_29test_features_in_valid_ranges
FN:149,_RNvNtNtNtCsgw67b32qZET_15beatbox_trainer8analysis8features5testss_31test_feature_extractor_creation
FN:117,_RNCNvNtNtNtCsgw67b32qZET_15beatbox_trainer8analysis8features5tests18generate_sine_wave0B9_
FN:129,_RNCNvNtNtNtCsgw67b32qZET_15beatbox_trainer8analysis8features5tests20generate_white_noise0B9_
FN:141,_RNCNvNtNtNtCsgw67b32qZET_15beatbox_trainer8analysis8features5tests24generate_decaying_signal0B9_
FN:52,_RNvMNtNtCsiSK7pM3Y3fM_15beatbox_trainer8analysis8featuresNtB2_16FeatureExtractor3new
FN:79,_RNvMNtNtCsiSK7pM3Y3fM_15beatbox_trainer8analysis8featuresNtB2_16FeatureExtractor7extract
FNDA:10,_RNvMNtNtCsgw67b32qZET_15beatbox_trainer8analysis8featuresNtB2_16FeatureExtractor3new
FNDA:12,_RNvMNtNtCsgw67b32qZET_15beatbox_trainer8analysis8featuresNtB2_16FeatureExtractor7extract
FNDA:8,_RNvNtNtNtCsgw67b32qZET_15beatbox_trainer8analysis8features5tests18generate_sine_wave
FNDA:2,_RNvNtNtNtCsgw67b32qZET_15beatbox_trainer8analysis8features5tests20generate_white_noise
FNDA:1,_RNvNtNtNtCsgw67b32qZET_15beatbox_trainer8analysis8features5tests24generate_decaying_signal
FNDA:1,_RNvNtNtNtCsgw67b32qZET_15beatbox_trainer8analysis8features5testss_22test_zcr_sine_vs_noise
FNDA:1,_RNvNtNtNtCsgw67b32qZET_15beatbox_trainer8analysis8features5testss_24test_rolloff_calculation
FNDA:1,_RNvNtNtNtCsgw67b32qZET_15beatbox_trainer8analysis8features5testss_25test_extract_with_silence
FNDA:1,_RNvNtNtNtCsgw67b32qZET_15beatbox_trainer8analysis8features5testss_27test_centroid_low_frequency
FNDA:1,_RNvNtNtNtCsgw67b32qZET_15beatbox_trainer8analysis8features5testss_27test_decay_time_calculation
FNDA:1,_RNvNtNtNtCsgw67b32qZET_15beatbox_trainer8analysis8features5testss_27test_flatness_sine_vs_noise
FNDA:1,_RNvNtNtNtCsgw67b32qZET_15beatbox_trainer8analysis8features5testss_28test_centroid_high_frequency
FNDA:1,_RNvNtNtNtCsgw67b32qZET_15beatbox_trainer8analysis8features5testss_29test_extract_with_short_audio
FNDA:1,_RNvNtNtNtCsgw67b32qZET_15beatbox_trainer8analysis8features5testss_29test_features_in_valid_ranges
FNDA:1,_RNvNtNtNtCsgw67b32qZET_15beatbox_trainer8analysis8features5testss_31test_feature_extractor_creation
FNDA:7680,_RNCNvNtNtNtCsgw67b32qZET_15beatbox_trainer8analysis8features5tests18generate_sine_wave0B9_
FNDA:2048,_RNCNvNtNtNtCsgw67b32qZET_15beatbox_trainer8analysis8features5tests20generate_white_noise0B9_
FNDA:1024,_RNCNvNtNtNtCsgw67b32qZET_15beatbox_trainer8analysis8features5tests24generate_decaying_signal0B9_
FNDA:0,_RNvMNtNtCsiSK7pM3Y3fM_15beatbox_trainer8analysis8featuresNtB2_16FeatureExtractor3new
FNDA:0,_RNvMNtNtCsiSK7pM3Y3fM_15beatbox_trainer8analysis8featuresNtB2_16FeatureExtractor7extract
FNF:18
FNH:18
DA:52,10
DA:53,10
DA:55,10
DA:56,10
DA:57,10
DA:58,10
DA:59,10
DA:60,10
DA:61,10
DA:79,12
DA:81,12
DA:82,11
DA:85,1
DA:89,12
DA:92,12
DA:93,12
DA:94,12
DA:97,12
DA:98,12
DA:100,12
DA:101,12
DA:102,12
DA:103,12
DA:104,12
DA:105,12
DA:106,12
DA:107,12
DA:115,8
DA:116,8
DA:117,7680
DA:118,7680
DA:119,7680
DA:120,7680
DA:121,8
DA:122,8
DA:125,2
DA:127,2
DA:128,2
DA:129,2048
DA:130,2
DA:131,2
DA:134,1
DA:135,1
DA:136,1
DA:137,1
DA:138,1
DA:139,1
DA:140,1
DA:141,1024
DA:142,1024
DA:143,1024
DA:144,1024
DA:145,1
DA:146,1
DA:149,1
DA:150,1
DA:151,1
DA:152,1
DA:153,1
DA:156,1
DA:157,1
DA:158,1
DA:161,1
DA:162,1
DA:165,1
DA:166,1
DA:167,0
DA:170,1
DA:171,1
DA:174,1
DA:175,1
DA:176,1
DA:179,1
DA:180,1
DA:183,1
DA:184,1
DA:185,0
DA:188,1
DA:189,1
DA:192,1
DA:193,1
DA:194,1
DA:197,1
DA:198,1
DA:201,1
DA:202,1
DA:204,1
DA:205,1
DA:208,1
DA:209,1
DA:210,0
DA:213,1
DA:214,1
DA:215,0
DA:218,1
DA:221,1
DA:222,1
DA:223,1
DA:226,1
DA:227,1
DA:230,1
DA:231,1
DA:233,1
DA:234,1
DA:237,1
DA:238,1
DA:239,0
DA:243,1
DA:244,1
DA:245,0
DA:248,1
DA:251,1
DA:252,1
DA:253,1
DA:256,1
DA:257,1
DA:260,1
DA:261,1
DA:263,1
DA:264,1
DA:267,1
DA:268,1
DA:269,0
DA:271,1
DA:274,1
DA:275,1
DA:276,1
DA:279,1
DA:280,1
DA:282,1
DA:285,1
DA:286,1
DA:287,0
DA:290,1
DA:293,1
DA:294,1
DA:295,1
DA:298,1
DA:299,1
DA:302,1
DA:303,1
DA:304,0
DA:307,1
DA:308,1
DA:309,0
DA:312,1
DA:313,1
DA:314,0
DA:317,1
DA:318,1
DA:319,0
DA:321,0
DA:323,1
DA:324,1
DA:325,0
DA:329,1
DA:330,1
DA:333,1
DA:334,1
DA:335,1
DA:338,1
DA:339,1
DA:342,1
DA:343,1
DA:344,1
DA:345,1
DA:346,1
DA:349,1
DA:350,1
DA:351,1
DA:354,1
DA:355,1
DA:358,1
DA:359,1
DA:360,1
DA:361,1
BRF:0
BRH:0
LF:179
LH:165
end_of_record
SF:/home/rmondo/repos/beatbox-trainer/rust/src/analysis/features/spectral.rs
FN:118,_RNvMNtNtNtCsgw67b32qZET_15beatbox_trainer8analysis8features8spectralNtB2_16SpectralFeatures15compute_rolloff
FN:44,_RNvMNtNtNtCsgw67b32qZET_15beatbox_trainer8analysis8features8spectralNtB2_16SpectralFeatures16compute_centroid
FN:77,_RNvMNtNtNtCsgw67b32qZET_15beatbox_trainer8analysis8features8spectralNtB2_16SpectralFeatures16compute_flatness
FN:25,_RNvMNtNtNtCsgw67b32qZET_15beatbox_trainer8analysis8features8spectralNtB2_16SpectralFeatures3new
FN:120,_RNCNvMNtNtNtCsgw67b32qZET_15beatbox_trainer8analysis8features8spectralNtB4_16SpectralFeatures15compute_rolloff0Ba_
FN:50,_RNCNvMNtNtNtCsgw67b32qZET_15beatbox_trainer8analysis8features8spectralNtB4_16SpectralFeatures16compute_centroid0Ba_
FN:85,_RNCNvMNtNtNtCsgw67b32qZET_15beatbox_trainer8analysis8features8spectralNtB4_16SpectralFeatures16compute_flatness0Ba_
FN:94,_RNCNvMNtNtNtCsgw67b32qZET_15beatbox_trainer8analysis8features8spectralNtB4_16SpectralFeatures16compute_flatnesss_0Ba_
FN:120,_RNCNvMNtNtNtCsiSK7pM3Y3fM_15beatbox_trainer8analysis8features8spectralNtB4_16SpectralFeatures15compute_rolloff0Ba_
FN:50,_RNCNvMNtNtNtCsiSK7pM3Y3fM_15beatbox_trainer8analysis8features8spectralNtB4_16SpectralFeatures16compute_centroid0Ba_
FN:85,_RNCNvMNtNtNtCsiSK7pM3Y3fM_15beatbox_trainer8analysis8features8spectralNtB4_16SpectralFeatures16compute_flatness0Ba_
FN:94,_RNCNvMNtNtNtCsiSK7pM3Y3fM_15beatbox_trainer8analysis8features8spectralNtB4_16SpectralFeatures16compute_flatnesss_0Ba_
FN:118,_RNvMNtNtNtCsiSK7pM3Y3fM_15beatbox_trainer8analysis8features8spectralNtB2_16SpectralFeatures15compute_rolloff
FN:44,_RNvMNtNtNtCsiSK7pM3Y3fM_15beatbox_trainer8analysis8features8spectralNtB2_16SpectralFeatures16compute_centroid
FN:77,_RNvMNtNtNtCsiSK7pM3Y3fM_15beatbox_trainer8analysis8features8spectralNtB2_16SpectralFeatures16compute_flatness
FN:25,_RNvMNtNtNtCsiSK7pM3Y3fM_15beatbox_trainer8analysis8features8spectralNtB2_16SpectralFeatures3new
FNDA:12,_RNvMNtNtNtCsgw67b32qZET_15beatbox_trainer8analysis8features8spectralNtB2_16SpectralFeatures15compute_rolloff
FNDA:12,_RNvMNtNtNtCsgw67b32qZET_15beatbox_trainer8analysis8features8spectralNtB2_16SpectralFeatures16compute_centroid
FNDA:12,_RNvMNtNtNtCsgw67b32qZET_15beatbox_trainer8analysis8features8spectralNtB2_16SpectralFeatures16compute_flatness
FNDA:10,_RNvMNtNtNtCsgw67b32qZET_15beatbox_trainer8analysis8features8spectralNtB2_16SpectralFeatures3new
FNDA:6156,_RNCNvMNtNtNtCsgw67b32qZET_15beatbox_trainer8analysis8features8spectralNtB4_16SpectralFeatures15compute_rolloff0Ba_
FNDA:6156,_RNCNvMNtNtNtCsgw67b32qZET_15beatbox_trainer8analysis8features8spectralNtB4_16SpectralFeatures16compute_centroid0Ba_
FNDA:6156,_RNCNvMNtNtNtCsgw67b32qZET_15beatbox_trainer8analysis8features8spectralNtB4_16SpectralFeatures16compute_flatness0Ba_
FNDA:5640,_RNCNvMNtNtNtCsgw67b32qZET_15beatbox_trainer8analysis8features8spectralNtB4_16SpectralFeatures16compute_flatnesss_0Ba_
FNDA:0,_RNCNvMNtNtNtCsiSK7pM3Y3fM_15beatbox_trainer8analysis8features8spectralNtB4_16SpectralFeatures15compute_rolloff0Ba_
FNDA:0,_RNCNvMNtNtNtCsiSK7pM3Y3fM_15beatbox_trainer8analysis8features8spectralNtB4_16SpectralFeatures16compute_centroid0Ba_
FNDA:0,_RNCNvMNtNtNtCsiSK7pM3Y3fM_15beatbox_trainer8analysis8features8spectralNtB4_16SpectralFeatures16compute_flatness0Ba_
FNDA:0,_RNCNvMNtNtNtCsiSK7pM3Y3fM_15beatbox_trainer8analysis8features8spectralNtB4_16SpectralFeatures16compute_flatnesss_0Ba_
FNDA:0,_RNvMNtNtNtCsiSK7pM3Y3fM_15beatbox_trainer8analysis8features8spectralNtB2_16SpectralFeatures15compute_rolloff
FNDA:0,_RNvMNtNtNtCsiSK7pM3Y3fM_15beatbox_trainer8analysis8features8spectralNtB2_16SpectralFeatures16compute_centroid
FNDA:0,_RNvMNtNtNtCsiSK7pM3Y3fM_15beatbox_trainer8analysis8features8spectralNtB2_16SpectralFeatures16compute_flatness
FNDA:0,_RNvMNtNtNtCsiSK7pM3Y3fM_15beatbox_trainer8analysis8features8spectralNtB2_16SpectralFeatures3new
FNF:8
FNH:8
DA:25,10
DA:26,10
DA:27,10
DA:28,10
DA:29,10
DA:30,10
DA:44,12
DA:45,12
DA:47,12
DA:48,12
DA:49,12
DA:50,6156
DA:51,6156
DA:52,6156
DA:53,6156
DA:54,12
DA:56,12
DA:58,12
DA:59,11
DA:61,1
DA:63,12
DA:77,12
DA:78,12
DA:79,0
DA:80,12
DA:83,12
DA:84,12
DA:85,6156
DA:86,12
DA:87,12
DA:89,12
DA:90,1
DA:91,11
DA:94,5640
DA:95,11
DA:98,11
DA:99,11
DA:101,11
DA:102,11
DA:104,0
DA:106,12
DA:118,12
DA:120,6156
DA:122,12
DA:123,1
DA:124,11
DA:126,11
DA:127,11
DA:129,11
DA:130,1257
DA:131,1257
DA:132,1257
DA:133,11
DA:134,1246
DA:138,0
DA:139,12
BRF:0
BRH:0
LF:60
LH:57
end_of_record
SF:/home/rmondo/repos/beatbox-trainer/rust/src/analysis/features/temporal.rs
FN:75,_RNCNvMNtNtNtCsgw67b32qZET_15beatbox_trainer8analysis8features8temporalNtB4_16TemporalFeatures18compute_decay_time0Ba_
FN:81,_RNCNvMNtNtNtCsgw67b32qZET_15beatbox_trainer8analysis8features8temporalNtB4_16TemporalFeatures18compute_decay_times_0Ba_
FN:38,_RNvMNtNtNtCsgw67b32qZET_15beatbox_trainer8analysis8features8temporalNtB2_16TemporalFeatures11compute_zcr
FN:69,_RNvMNtNtNtCsgw67b32qZET_15beatbox_trainer8analysis8features8temporalNtB2_16TemporalFeatures18compute_decay_time
FN:21,_RNvMNtNtNtCsgw67b32qZET_15beatbox_trainer8analysis8features8temporalNtB2_16TemporalFeatures3new
FN:75,_RNCNvMNtNtNtCsiSK7pM3Y3fM_15beatbox_trainer8analysis8features8temporalNtB4_16TemporalFeatures18compute_decay_time0Ba_
FN:81,_RNCNvMNtNtNtCsiSK7pM3Y3fM_15beatbox_trainer8analysis8features8temporalNtB4_16TemporalFeatures18compute_decay_times_0Ba_
FN:38,_RNvMNtNtNtCsiSK7pM3Y3fM_15beatbox_trainer8analysis8features8temporalNtB2_16TemporalFeatures11compute_zcr
FN:69,_RNvMNtNtNtCsiSK7pM3Y3fM_15beatbox_trainer8analysis8features8temporalNtB2_16TemporalFeatures18compute_decay_time
FN:21,_RNvMNtNtNtCsiSK7pM3Y3fM_15beatbox_trainer8analysis8features8temporalNtB2_16TemporalFeatures3new
FNDA:11776,_RNCNvMNtNtNtCsgw67b32qZET_15beatbox_trainer8analysis8features8temporalNtB4_16TemporalFeatures18compute_decay_time0Ba_
FNDA:11764,_RNCNvMNtNtNtCsgw67b32qZET_15beatbox_trainer8analysis8features8temporalNtB4_16TemporalFeatures18compute_decay_times_0Ba_
FNDA:12,_RNvMNtNtNtCsgw67b32qZET_15beatbox_trainer8analysis8features8temporalNtB2_16TemporalFeatures11compute_zcr
FNDA:12,_RNvMNtNtNtCsgw67b32qZET_15beatbox_trainer8analysis8features8temporalNtB2_16TemporalFeatures18compute_decay_time
FNDA:10,_RNvMNtNtNtCsgw67b32qZET_15beatbox_trainer8analysis8features8temporalNtB2_16TemporalFeatures3new
FNDA:0,_RNCNvMNtNtNtCsiSK7pM3Y3fM_15beatbox_trainer8analysis8features8temporalNtB4_16TemporalFeatures18compute_decay_time0Ba_
FNDA:0,_RNCNvMNtNtNtCsiSK7pM3Y3fM_15beatbox_trainer8analysis8features8temporalNtB4_16TemporalFeatures18compute_decay_times_0Ba_
FNDA:0,_RNvMNtNtNtCsiSK7pM3Y3fM_15beatbox_trainer8analysis8features8temporalNtB2_16TemporalFeatures11compute_zcr
FNDA:0,_RNvMNtNtNtCsiSK7pM3Y3fM_15beatbox_trainer8analysis8features8temporalNtB2_16TemporalFeatures18compute_decay_time
FNDA:0,_RNvMNtNtNtCsiSK7pM3Y3fM_15beatbox_trainer8analysis8features8temporalNtB2_16TemporalFeatures3new
FNF:5
FNH:5
DA:21,10
DA:22,10
DA:23,10
DA:38,12
DA:39,12
DA:40,0
DA:41,12
DA:43,12
DA:44,11764
DA:46,11764
DA:47,1694
DA:48,10070
DA:52,12
DA:53,12
DA:69,12
DA:70,12
DA:71,0
DA:72,12
DA:75,11776
DA:78,12
DA:79,12
DA:80,12
DA:81,11764
DA:82,12
DA:84,12
DA:85,1
DA:86,11
DA:89,11
DA:92,1334
DA:93,1334
DA:94,6
DA:95,6
DA:96,6
DA:97,1328
DA:101,5
DA:102,5
DA:103,12
BRF:0
BRH:0
LF:39
LH:37
end_of_record
SF:/home/rmondo/repos/beatbox-trainer/rust/src/analysis/mod.rs
FN:81,_RNCNvNtCsgw67b32qZET_15beatbox_trainer8analysis21spawn_analysis_thread0B5_
FN:73,_RNvNtCsgw67b32qZET_15beatbox_trainer8analysis21spawn_analysis_thread
FN:73,_RNvNtCsiSK7pM3Y3fM_15beatbox_trainer8analysis21spawn_analysis_thread
FN:81,_RNCNvNtCsiSK7pM3Y3fM_15beatbox_trainer8analysis21spawn_analysis_thread0B5_
FNDA:0,_RNCNvNtCsgw67b32qZET_15beatbox_trainer8analysis21spawn_analysis_thread0B5_
FNDA:0,_RNvNtCsgw67b32qZET_15beatbox_trainer8analysis21spawn_analysis_thread
FNDA:0,_RNvNtCsiSK7pM3Y3fM_15beatbox_trainer8analysis21spawn_analysis_thread
FNDA:0,_RNCNvNtCsiSK7pM3Y3fM_15beatbox_trainer8analysis21spawn_analysis_thread0B5_
FNF:2
FNH:0
DA:73,0
DA:74,0
DA:75,0
DA:76,0
DA:77,0
DA:78,0
DA:79,0
DA:80,0
DA:81,0
DA:83,0
DA:84,0
DA:85,0
DA:86,0
DA:91,0
DA:92,0
DA:96,0
DA:97,0
DA:102,0
DA:105,0
DA:108,0
DA:110,0
DA:111,0
DA:114,0
DA:117,0
DA:120,0
DA:121,0
DA:122,0
DA:125,0
DA:126,0
DA:127,0
DA:128,0
DA:132,0
DA:133,0
DA:136,0
DA:137,0
DA:138,0
DA:139,0
DA:140,0
DA:141,0
DA:145,0
DA:146,0
DA:151,0
DA:152,0
DA:153,0
DA:154,0
DA:155,0
DA:158,0
BRF:0
BRH:0
LF:48
LH:0
end_of_record
SF:/home/rmondo/repos/beatbox-trainer/rust/src/analysis/onset.rs
FN:267,_RNvNtNtNtCsgw67b32qZET_15beatbox_trainer8analysis5onset5tests16generate_impulse
FN:387,_RNvNtNtNtCsgw67b32qZET_15beatbox_trainer8analysis5onset5testss_17test_peak_picking
FN:365,_RNvNtNtNtCsgw67b32qZET_15beatbox_trainer8analysis5onset5testss_23test_adaptive_threshold
FN:330,_RNvNtNtNtCsgw67b32qZET_15beatbox_trainer8analysis5onset5testss_30test_spectral_flux_calculation
FN:408,_RNvNtNtNtCsgw67b32qZET_15beatbox_trainer8analysis5onset5testss_34test_no_false_positives_on_silence
FN:287,_RNvNtNtNtCsgw67b32qZET_15beatbox_trainer8analysis5onset5testss_35test_onset_detector_detects_impulse
FN:347,_RNvNtNtNtCsgw67b32qZET_15beatbox_trainer8analysis5onset5testss_38test_spectral_flux_positive_difference
FN:257,_RNvMNtNtCsgw67b32qZET_15beatbox_trainer8analysis5onsetNtB2_13OnsetDetector10pick_peaks
FN:189,_RNvMNtNtCsgw67b32qZET_15beatbox_trainer8analysis5onsetNtB2_13OnsetDetector18adaptive_threshold
FN:225,_RNvMNtNtCsgw67b32qZET_15beatbox_trainer8analysis5onsetNtB2_13OnsetDetector19pick_peaks_in_range
FN:172,_RNvMNtNtCsgw67b32qZET_15beatbox_trainer8analysis5onsetNtB2_13OnsetDetector21compute_spectral_flux
FN:144,_RNvMNtNtCsgw67b32qZET_15beatbox_trainer8analysis5onsetNtB2_13OnsetDetector26compute_magnitude_spectrum
FN:48,_RNvMNtNtCsgw67b32qZET_15beatbox_trainer8analysis5onsetNtB2_13OnsetDetector3new
FN:80,_RNvMNtNtCsgw67b32qZET_15beatbox_trainer8analysis5onsetNtB2_13OnsetDetector7process
FN:316,_RNCNvNtNtNtCsgw67b32qZET_15beatbox_trainer8analysis5onset5testss_35test_onset_detector_detects_impulse0B9_
FN:205,_RNCNvMNtNtCsgw67b32qZET_15beatbox_trainer8analysis5onsetNtB4_13OnsetDetector18adaptive_threshold0B8_
FN:176,_RNCNvMNtNtCsgw67b32qZET_15beatbox_trainer8analysis5onsetNtB4_13OnsetDetector21compute_spectral_flux0B8_
FN:148,_RNCNvMNtNtCsgw67b32qZET_15beatbox_trainer8analysis5onsetNtB4_13OnsetDetector26compute_magnitude_spectrum0B8_
FN:159,_RNCNvMNtNtCsgw67b32qZET_15beatbox_trainer8analysis5onsetNtB4_13OnsetDetector26compute_magnitude_spectrums_0B8_
FN:54,_RNCNvMNtNtCsgw67b32qZET_15beatbox_trainer8analysis5onsetNtB4_13OnsetDetector3new0B8_
FN:205,_RNCNvMNtNtCsiSK7pM3Y3fM_15beatbox_trainer8analysis5onsetNtB4_13OnsetDetector18adaptive_threshold0B8_
FN:176,_RNCNvMNtNtCsiSK7pM3Y3fM_15beatbox_trainer8analysis5onsetNtB4_13OnsetDetector21compute_spectral_flux0B8_
FN:148,_RNCNvMNtNtCsiSK7pM3Y3fM_15beatbox_trainer8analysis5onsetNtB4_13OnsetDetector26compute_magnitude_spectrum0B8_
FN:159,_RNCNvMNtNtCsiSK7pM3Y3fM_15beatbox_trainer8analysis5onsetNtB4_13OnsetDetector26compute_magnitude_spectrums_0B8_
FN:54,_RNCNvMNtNtCsiSK7pM3Y3fM_15beatbox_trainer8analysis5onsetNtB4_13OnsetDetector3new0B8_
FN:189,_RNvMNtNtCsiSK7pM3Y3fM_15beatbox_trainer8analysis5onsetNtB2_13OnsetDetector18adaptive_threshold
FN:225,_RNvMNtNtCsiSK7pM3Y3fM_15beatbox_trainer8analysis5onsetNtB2_13OnsetDetector19pick_peaks_in_range
FN:172,_RNvMNtNtCsiSK7pM3Y3fM_15beatbox_trainer8analysis5onsetNtB2_13OnsetDetector21compute_spectral_flux
FN:144,_RNvMNtNtCsiSK7pM3Y3fM_15beatbox_trainer8analysis5onsetNtB2_13OnsetDetector26compute_magnitude_spectrum
FN:48,_RNvMNtNtCsiSK7pM3Y3fM_15beatbox_trainer8analysis5onsetNtB2_13OnsetDetector3new
FN:80,_RNvMNtNtCsiSK7pM3Y3fM_15beatbox_trainer8analysis5onsetNtB2_13OnsetDetector7process
FNDA:1,_RNvNtNtNtCsgw67b32qZET_15beatbox_trainer8analysis5onset5tests16generate_impulse
FNDA:1,_RNvNtNtNtCsgw67b32qZET_15beatbox_trainer8analysis5onset5testss_17test_peak_picking
FNDA:1,_RNvNtNtNtCsgw67b32qZET_15beatbox_trainer8analysis5onset5testss_23test_adaptive_threshold
FNDA:1,_RNvNtNtNtCsgw67b32qZET_15beatbox_trainer8analysis5onset5testss_30test_spectral_flux_calculation
FNDA:1,_RNvNtNtNtCsgw67b32qZET_15beatbox_trainer8analysis5onset5testss_34test_no_false_positives_on_silence
FNDA:1,_RNvNtNtNtCsgw67b32qZET_15beatbox_trainer8analysis5onset5testss_35test_onset_detector_detects_impulse
FNDA:1,_RNvNtNtNtCsgw67b32qZET_15beatbox_trainer8analysis5onset5testss_38test_spectral_flux_positive_difference
FNDA:1,_RNvMNtNtCsgw67b32qZET_15beatbox_trainer8analysis5onsetNtB2_13OnsetDetector10pick_peaks
FNDA:4,_RNvMNtNtCsgw67b32qZET_15beatbox_trainer8analysis5onsetNtB2_13OnsetDetector18adaptive_threshold
FNDA:3,_RNvMNtNtCsgw67b32qZET_15beatbox_trainer8analysis5onsetNtB2_13OnsetDetector19pick_peaks_in_range
FNDA:1121,_RNvMNtNtCsgw67b32qZET_15beatbox_trainer8analysis5onsetNtB2_13OnsetDetector21compute_spectral_flux
FNDA:1119,_RNvMNtNtCsgw67b32qZET_15beatbox_trainer8analysis5onsetNtB2_13OnsetDetector26compute_magnitude_spectrum
FNDA:6,_RNvMNtNtCsgw67b32qZET_15beatbox_trainer8analysis5onsetNtB2_13OnsetDetector3new
FNDA:2,_RNvMNtNtCsgw67b32qZET_15beatbox_trainer8analysis5onsetNtB2_13OnsetDetector7process
FNDA:1,_RNCNvNtNtNtCsgw67b32qZET_15beatbox_trainer8analysis5onset5testss_35test_onset_detector_detects_impulse0B9_
FNDA:372,_RNCNvMNtNtCsgw67b32qZET_15beatbox_trainer8analysis5onsetNtB4_13OnsetDetector18adaptive_threshold0B8_
FNDA:144609,_RNCNvMNtNtCsgw67b32qZET_15beatbox_trainer8analysis5onsetNtB4_13OnsetDetector21compute_spectral_flux0B8_
FNDA:286464,_RNCNvMNtNtCsgw67b32qZET_15beatbox_trainer8analysis5onsetNtB4_13OnsetDetector26compute_magnitude_spectrum0B8_
FNDA:144351,_RNCNvMNtNtCsgw67b32qZET_15beatbox_trainer8analysis5onsetNtB4_13OnsetDetector26compute_magnitude_spectrums_0B8_
FNDA:1536,_RNCNvMNtNtCsgw67b32qZET_15beatbox_trainer8analysis5onsetNtB4_13OnsetDetector3new0B8_
FNDA:0,_RNCNvMNtNtCsiSK7pM3Y3fM_15beatbox_trainer8analysis5onsetNtB4_13OnsetDetector18adaptive_threshold0B8_
FNDA:0,_RNCNvMNtNtCsiSK7pM3Y3fM_15beatbox_trainer8analysis5onsetNtB4_13OnsetDetector21compute_spectral_flux0B8_
FNDA:0,_RNCNvMNtNtCsiSK7pM3Y3fM_15beatbox_trainer8analysis5onsetNtB4_13OnsetDetector26compute_magnitude_spectrum0B8_
FNDA:0,_RNCNvMNtNtCsiSK7pM3Y3fM_15beatbox_trainer8analysis5onsetNtB4_13OnsetDetector26compute_magnitude_spectrums_0B8_
FNDA:0,_RNCNvMNtNtCsiSK7pM3Y3fM_15beatbox_trainer8analysis5onsetNtB4_13OnsetDetector3new0B8_
FNDA:0,_RNvMNtNtCsiSK7pM3Y3fM_15beatbox_trainer8analysis5onsetNtB2_13OnsetDetector18adaptive_threshold
FNDA:0,_RNvMNtNtCsiSK7pM3Y3fM_15beatbox_trainer8analysis5onsetNtB2_13OnsetDetector19pick_peaks_in_range
FNDA:0,_RNvMNtNtCsiSK7pM3Y3fM_15beatbox_trainer8analysis5onsetNtB2_13OnsetDetector21compute_spectral_flux
FNDA:0,_RNvMNtNtCsiSK7pM3Y3fM_15beatbox_trainer8analysis5onsetNtB2_13OnsetDetector26compute_magnitude_spectrum
FNDA:0,_RNvMNtNtCsiSK7pM3Y3fM_15beatbox_trainer8analysis5onsetNtB2_13OnsetDetector3new
FNDA:0,_RNvMNtNtCsiSK7pM3Y3fM_15beatbox_trainer8analysis5onsetNtB2_13OnsetDetector7process
FNF:20
FNH:20
DA:48,6
DA:49,6
DA:50,6
DA:53,6
DA:54,1536
DA:55,1536
DA:56,1536
DA:57,1536
DA:58,6
DA:60,6
DA:61,6
DA:62,6
DA:63,6
DA:64,6
DA:65,6
DA:66,6
DA:67,6
DA:68,6
DA:69,6
DA:70,6
DA:71,6
DA:80,2
DA:81,2
DA:82,2
DA:85,2
DA:86,0
DA:88,2
DA:92,2
DA:93,1121
DA:94,1119
DA:97,1119
DA:100,1119
DA:101,1119
DA:104,1119
DA:105,719
DA:106,719
DA:109,1119
DA:111,1119
DA:112,1119
DA:117,2
DA:118,0
DA:120,2
DA:123,2
DA:126,3
DA:127,1
DA:128,1
DA:129,1
DA:130,1
DA:131,1
DA:132,1
DA:134,2
DA:135,2
DA:144,1119
DA:145,1119
DA:146,1119
DA:147,1119
DA:148,286464
DA:149,1119
DA:152,1119
DA:153,1119
DA:154,1119
DA:157,1119
DA:158,1119
DA:159,144351
DA:160,1119
DA:161,1119
DA:172,1121
DA:173,1121
DA:174,1121
DA:175,1121
DA:176,144609
DA:177,1121
DA:178,1121
DA:189,4
DA:190,4
DA:191,4
DA:193,4
DA:194,0
DA:195,4
DA:198,4
DA:200,4
DA:201,0
DA:202,4
DA:205,372
DA:207,4
DA:208,4
DA:209,4
DA:211,0
DA:214,4
DA:215,4
DA:225,3
DA:226,3
DA:228,3
DA:229,0
DA:230,3
DA:232,3
DA:233,3
DA:236,414
DA:237,414
DA:238,414
DA:239,414
DA:242,414
DA:243,3
DA:246,3
DA:247,3
DA:248,3
DA:249,411
DA:252,3
DA:253,3
DA:257,1
DA:258,1
DA:259,1
DA:267,1
DA:268,1
DA:269,1
DA:271,3
DA:272,2
DA:273,2
DA:275,22
DA:276,20
DA:277,20
DA:278,20
DA:280,0
DA:283,1
DA:284,1
DA:287,1
DA:288,1
DA:289,1
DA:293,1
DA:296,1
DA:299,1
DA:300,1
DA:301,0
DA:305,1
DA:306,1
DA:307,0
DA:308,0
DA:311,1
DA:312,1
DA:313,1
DA:314,1
DA:315,1
DA:316,1
DA:317,1
DA:321,1
DA:322,1
DA:323,1
DA:324,0
DA:327,1
DA:330,1
DA:331,1
DA:332,1
DA:335,1
DA:336,1
DA:338,1
DA:339,1
DA:340,1
DA:343,1
DA:344,1
DA:347,1
DA:348,1
DA:349,1
DA:352,1
DA:355,1
DA:357,1
DA:360,1
DA:361,1
DA:362,1
DA:365,1
DA:366,1
DA:367,1
DA:370,101
DA:371,100
DA:372,100
DA:375,1
DA:379,1
DA:380,1
DA:381,0
DA:384,1
DA:387,1
DA:388,1
DA:389,1
DA:392,21
DA:393,20
DA:394,2
DA:395,18
DA:396,18
DA:397,18
DA:400,1
DA:403,1
DA:404,1
DA:405,1
DA:408,1
DA:409,1
DA:410,1
DA:413,1
DA:416,1
DA:419,1
DA:420,1
BRF:0
BRH:0
LF:205
LH:193
end_of_record
SF:/home/rmondo/repos/beatbox-trainer/rust/src/analysis/quantizer.rs
FN:185,_RNvMNtNtCsgw67b32qZET_15beatbox_trainer8analysis9quantizerNtB2_9Quantizer17get_frame_counter
FN:91,_RNvMNtNtCsgw67b32qZET_15beatbox_trainer8analysis9quantizerNtB2_9Quantizer3new
FN:194,_RNvMNtNtCsgw67b32qZET_15beatbox_trainer8analysis9quantizerNtB2_9Quantizer7get_bpm
FN:133,_RNvMNtNtCsgw67b32qZET_15beatbox_trainer8analysis9quantizerNtB2_9Quantizer8quantize
FN:204,_RNvNtNtNtCsgw67b32qZET_15beatbox_trainer8analysis9quantizer5tests21create_test_quantizer
FN:258,_RNvNtNtNtCsgw67b32qZET_15beatbox_trainer8analysis9quantizer5testss_15test_onset_late
FN:278,_RNvNtNtNtCsgw67b32qZET_15beatbox_trainer8analysis9quantizer5testss_16test_onset_early
FN:367,_RNvNtNtNtCsgw67b32qZET_15beatbox_trainer8analysis9quantizer5testss_19test_multiple_beats
FN:410,_RNvNtNtNtCsgw67b32qZET_15beatbox_trainer8analysis9quantizer5testss_22test_sample_rate_44100
FN:387,_RNvNtNtNtCsgw67b32qZET_15beatbox_trainer8analysis9quantizer5testss_23test_dynamic_bpm_update
FN:211,_RNvNtNtNtCsgw67b32qZET_15beatbox_trainer8analysis9quantizer5testss_23test_quantizer_creation
FN:325,_RNvNtNtNtCsgw67b32qZET_15beatbox_trainer8analysis9quantizer5testss_25test_different_bpm_values
FN:218,_RNvNtNtNtCsgw67b32qZET_15beatbox_trainer8analysis9quantizer5testss_26test_onset_exactly_on_beat
FN:428,_RNvNtNtNtCsgw67b32qZET_15beatbox_trainer8analysis9quantizer5testss_27test_timing_feedback_struct
FN:347,_RNvNtNtNtCsgw67b32qZET_15beatbox_trainer8analysis9quantizer5testss_29test_error_ms_sign_convention
FN:301,_RNvNtNtNtCsgw67b32qZET_15beatbox_trainer8analysis9quantizer5testss_34test_tolerance_boundary_conditions
FN:444,_RNvNtNtNtCsgw67b32qZET_15beatbox_trainer8analysis9quantizer5testss_35test_timing_classification_equality
FN:237,_RNvNtNtNtCsgw67b32qZET_15beatbox_trainer8analysis9quantizer5testss_38test_onset_within_tolerance_after_beat
FN:185,_RNvMNtNtCsiSK7pM3Y3fM_15beatbox_trainer8analysis9quantizerNtB2_9Quantizer17get_frame_counter
FN:91,_RNvMNtNtCsiSK7pM3Y3fM_15beatbox_trainer8analysis9quantizerNtB2_9Quantizer3new
FN:194,_RNvMNtNtCsiSK7pM3Y3fM_15beatbox_trainer8analysis9quantizerNtB2_9Quantizer7get_bpm
FN:133,_RNvMNtNtCsiSK7pM3Y3fM_15beatbox_trainer8analysis9quantizerNtB2_9Quantizer8quantize
FNDA:0,_RNvMNtNtCsgw67b32qZET_15beatbox_trainer8analysis9quantizerNtB2_9Quantizer17get_frame_counter
FNDA:13,_RNvMNtNtCsgw67b32qZET_15beatbox_trainer8analysis9quantizerNtB2_9Quantizer3new
FNDA:1,_RNvMNtNtCsgw67b32qZET_15beatbox_trainer8analysis9quantizerNtB2_9Quantizer7get_bpm
FNDA:33,_RNvMNtNtCsgw67b32qZET_15beatbox_trainer8analysis9quantizerNtB2_9Quantizer8quantize
FNDA:12,_RNvNtNtNtCsgw67b32qZET_15beatbox_trainer8analysis9quantizer5tests21create_test_quantizer
FNDA:1,_RNvNtNtNtCsgw67b32qZET_15beatbox_trainer8analysis9quantizer5testss_15test_onset_late
FNDA:1,_RNvNtNtNtCsgw67b32qZET_15beatbox_trainer8analysis9quantizer5testss_16test_onset_early
FNDA:1,_RNvNtNtNtCsgw67b32qZET_15beatbox_trainer8analysis9quantizer5testss_19test_multiple_beats
FNDA:1,_RNvNtNtNtCsgw67b32qZET_15beatbox_trainer8analysis9quantizer5testss_22test_sample_rate_44100
FNDA:1,_RNvNtNtNtCsgw67b32qZET_15beatbox_trainer8analysis9quantizer5testss_23test_dynamic_bpm_update
FNDA:1,_RNvNtNtNtCsgw67b32qZET_15beatbox_trainer8analysis9quantizer5testss_23test_quantizer_creation
FNDA:1,_RNvNtNtNtCsgw67b32qZET_15beatbox_trainer8analysis9quantizer5testss_25test_different_bpm_values
FNDA:1,_RNvNtNtNtCsgw67b32qZET_15beatbox_trainer8analysis9quantizer5testss_26test_onset_exactly_on_beat
FNDA:1,_RNvNtNtNtCsgw67b32qZET_15beatbox_trainer8analysis9quantizer5testss_27test_timing_feedback_struct
FNDA:1,_RNvNtNtNtCsgw67b32qZET_15beatbox_trainer8analysis9quantizer5testss_29test_error_ms_sign_convention
FNDA:1,_RNvNtNtNtCsgw67b32qZET_15beatbox_trainer8analysis9quantizer5testss_34test_tolerance_boundary_conditions
FNDA:1,_RNvNtNtNtCsgw67b32qZET_15beatbox_trainer8analysis9quantizer5testss_35test_timing_classification_equality
FNDA:1,_RNvNtNtNtCsgw67b32qZET_15beatbox_trainer8analysis9quantizer5testss_38test_onset_within_tolerance_after_beat
FNDA:0,_RNvMNtNtCsiSK7pM3Y3fM_15beatbox_trainer8analysis9quantizerNtB2_9Quantizer17get_frame_counter
FNDA:0,_RNvMNtNtCsiSK7pM3Y3fM_15beatbox_trainer8analysis9quantizerNtB2_9Quantizer3new
FNDA:0,_RNvMNtNtCsiSK7pM3Y3fM_15beatbox_trainer8analysis9quantizerNtB2_9Quantizer7get_bpm
FNDA:0,_RNvMNtNtCsiSK7pM3Y3fM_15beatbox_trainer8analysis9quantizerNtB2_9Quantizer8quantize
FNF:18
FNH:17
DA:91,13
DA:92,13
DA:93,13
DA:94,13
DA:95,13
DA:96,13
DA:97,13
DA:133,33
DA:135,33
DA:138,33
DA:142,33
DA:146,33
DA:149,33
DA:152,33
DA:154,19
DA:155,14
DA:158,4
DA:161,10
DA:166,33
DA:168,4
DA:171,29
DA:174,33
DA:175,33
DA:176,33
DA:177,33
DA:178,33
DA:185,0
DA:186,0
DA:187,0
DA:194,1
DA:195,1
DA:196,1
DA:204,12
DA:205,12
DA:206,12
DA:207,12
DA:208,12
DA:211,1
DA:212,1
DA:213,1
DA:214,1
DA:215,1
DA:218,1
DA:219,1
DA:223,1
DA:224,1
DA:225,1
DA:227,1
DA:228,1
DA:229,1
DA:231,1
DA:232,1
DA:233,1
DA:234,1
DA:237,1
DA:238,1
DA:242,1
DA:243,1
DA:244,1
DA:247,1
DA:248,1
DA:249,1
DA:252,1
DA:253,1
DA:254,1
DA:255,1
DA:258,1
DA:259,1
DA:262,1
DA:263,1
DA:264,1
DA:267,1
DA:268,1
DA:269,1
DA:272,1
DA:273,1
DA:274,1
DA:275,1
DA:278,1
DA:279,1
DA:285,1
DA:286,1
DA:287,1
DA:290,1
DA:291,1
DA:292,1
DA:295,1
DA:296,1
DA:297,1
DA:298,1
DA:301,1
DA:302,1
DA:306,1
DA:307,1
DA:308,1
DA:309,1
DA:313,1
DA:314,1
DA:317,1
DA:318,1
DA:319,1
DA:320,1
DA:322,1
DA:325,1
DA:329,1
DA:330,1
DA:331,1
DA:332,1
DA:335,1
DA:336,1
DA:337,1
DA:340,1
DA:341,1
DA:342,1
DA:343,1
DA:344,1
DA:347,1
DA:348,1
DA:351,1
DA:352,1
DA:353,1
DA:356,1
DA:357,1
DA:358,1
DA:361,1
DA:362,1
DA:363,1
DA:364,1
DA:367,1
DA:368,1
DA:372,1
DA:374,7
DA:375,6
DA:376,6
DA:379,0
DA:382,6
DA:384,1
DA:387,1
DA:389,1
DA:390,1
DA:391,1
DA:394,1
DA:395,1
DA:398,1
DA:401,1
DA:402,1
DA:405,1
DA:406,1
DA:407,1
DA:410,1
DA:412,1
DA:415,1
DA:416,1
DA:418,1
DA:419,1
DA:422,1
DA:423,1
DA:424,1
DA:425,1
DA:428,1
DA:429,1
DA:430,1
DA:431,1
DA:432,1
DA:434,1
DA:435,1
DA:438,1
DA:439,1
DA:440,1
DA:441,1
DA:444,1
DA:445,1
DA:446,1
DA:447,1
DA:448,1
BRF:0
BRH:0
LF:175
LH:171
end_of_record
SF:/home/rmondo/repos/beatbox-trainer/rust/src/api.rs
FN:416,_RNvNtNtCsgw67b32qZET_15beatbox_trainer3api5testss_10test_greet
FN:422,_RNvNtNtCsgw67b32qZET_15beatbox_trainer3api5testss_16test_get_version
FNDA:1,_RNvNtNtCsgw67b32qZET_15beatbox_trainer3api5testss_10test_greet
FNDA:1,_RNvNtNtCsgw67b32qZET_15beatbox_trainer3api5testss_16test_get_version
FNF:2
FNH:2
DA:416,1
DA:417,1
DA:418,1
DA:419,1
DA:422,1
DA:423,1
DA:424,1
DA:425,1
BRF:0
BRH:0
LF:8
LH:8
end_of_record
SF:/home/rmondo/repos/beatbox-trainer/rust/src/audio/buffer_pool.rs
FN:52,_RNvMNtNtCsgw67b32qZET_15beatbox_trainer5audio11buffer_poolNtB2_18BufferPoolChannels17split_for_threads
FN:137,_RNvMs_NtNtCsgw67b32qZET_15beatbox_trainer5audio11buffer_poolNtB4_10BufferPool3new
FN:186,_RNvNtNtNtCsgw67b32qZET_15beatbox_trainer5audio11buffer_pool5testss_16test_buffer_size
FN:244,_RNvNtNtNtCsgw67b32qZET_15beatbox_trainer5audio11buffer_pool5testss_18test_full_pipeline
FN:292,_RNvNtNtNtCsgw67b32qZET_15beatbox_trainer5audio11buffer_pool5testss_22test_default_constants
FN:199,_RNvNtNtNtCsgw67b32qZET_15beatbox_trainer5audio11buffer_pool5testss_23test_buffer_circulation
FN:168,_RNvNtNtNtCsgw67b32qZET_15beatbox_trainer5audio11buffer_pool5testss_25test_buffer_pool_creation
FN:287,_RNvNtNtNtCsgw67b32qZET_15beatbox_trainer5audio11buffer_pool5testss_28test_zero_buffer_size_panics
FN:281,_RNvNtNtNtCsgw67b32qZET_15beatbox_trainer5audio11buffer_pool5testss_29test_zero_buffer_count_panics
FN:233,_RNvNtNtNtCsgw67b32qZET_15beatbox_trainer5audio11buffer_pool5testss_9test_send
FN:234,_RINvNvNtNtNtCsgw67b32qZET_15beatbox_trainer5audio11buffer_pool5testss_9test_send11assert_sendINtCsgVHYOBcbXq4_4rtrb8ConsumerINtNtCscmSb185pVu_5alloc3vec3VecfEEEBa_
FN:234,_RINvNvNtNtNtCsgw67b32qZET_15beatbox_trainer5audio11buffer_pool5testss_9test_send11assert_sendINtCsgVHYOBcbXq4_4rtrb8ProducerINtNtCscmSb185pVu_5alloc3vec3VecfEEEBa_
FN:234,_RINvNvNtNtNtCsgw67b32qZET_15beatbox_trainer5audio11buffer_pool5testss_9test_send11assert_sendNtB6_18BufferPoolChannelsEBa_
FN:52,_RNvMNtNtCsiSK7pM3Y3fM_15beatbox_trainer5audio11buffer_poolNtB2_18BufferPoolChannels17split_for_threads
FN:137,_RNvMs_NtNtCsiSK7pM3Y3fM_15beatbox_trainer5audio11buffer_poolNtB4_10BufferPool3new
FNDA:0,_RNvMNtNtCsgw67b32qZET_15beatbox_trainer5audio11buffer_poolNtB2_18BufferPoolChannels17split_for_threads
FNDA:18,_RNvMs_NtNtCsgw67b32qZET_15beatbox_trainer5audio11buffer_poolNtB4_10BufferPool3new
FNDA:1,_RNvNtNtNtCsgw67b32qZET_15beatbox_trainer5audio11buffer_pool5testss_16test_buffer_size
FNDA:1,_RNvNtNtNtCsgw67b32qZET_15beatbox_trainer5audio11buffer_pool5testss_18test_full_pipeline
FNDA:1,_RNvNtNtNtCsgw67b32qZET_15beatbox_trainer5audio11buffer_pool5testss_22test_default_constants
FNDA:1,_RNvNtNtNtCsgw67b32qZET_15beatbox_trainer5audio11buffer_pool5testss_23test_buffer_circulation
FNDA:1,_RNvNtNtNtCsgw67b32qZET_15beatbox_trainer5audio11buffer_pool5testss_25test_buffer_pool_creation
FNDA:1,_RNvNtNtNtCsgw67b32qZET_15beatbox_trainer5audio11buffer_pool5testss_28test_zero_buffer_size_panics
FNDA:1,_RNvNtNtNtCsgw67b32qZET_15beatbox_trainer5audio11buffer_pool5testss_29test_zero_buffer_count_panics
FNDA:1,_RNvNtNtNtCsgw67b32qZET_15beatbox_trainer5audio11buffer_pool5testss_9test_send
FNDA:1,_RINvNvNtNtNtCsgw67b32qZET_15beatbox_trainer5audio11buffer_pool5testss_9test_send11assert_sendINtCsgVHYOBcbXq4_4rtrb8ConsumerINtNtCscmSb185pVu_5alloc3vec3VecfEEEBa_
FNDA:1,_RINvNvNtNtNtCsgw67b32qZET_15beatbox_trainer5audio11buffer_pool5testss_9test_send11assert_sendINtCsgVHYOBcbXq4_4rtrb8ProducerINtNtCscmSb185pVu_5alloc3vec3VecfEEEBa_
FNDA:1,_RINvNvNtNtNtCsgw67b32qZET_15beatbox_trainer5audio11buffer_pool5testss_9test_send11assert_sendNtB6_18BufferPoolChannelsEBa_
FNDA:0,_RNvMNtNtCsiSK7pM3Y3fM_15beatbox_trainer5audio11buffer_poolNtB2_18BufferPoolChannels17split_for_threads
FNDA:0,_RNvMs_NtNtCsiSK7pM3Y3fM_15beatbox_trainer5audio11buffer_poolNtB4_10BufferPool3new
FNF:11
FNH:10
DA:52,0
DA:53,0
DA:54,0
DA:55,0
DA:56,0
DA:57,0
DA:58,0
DA:59,0
DA:60,0
DA:61,0
DA:62,0
DA:63,0
DA:137,18
DA:138,18
DA:139,17
DA:142,16
DA:143,16
DA:147,215
DA:148,215
DA:149,215
DA:150,215
DA:151,215
DA:152,215
DA:154,16
DA:155,16
DA:156,16
DA:157,16
DA:158,16
DA:159,16
DA:160,16
DA:168,1
DA:169,1
DA:172,1
DA:173,17
DA:174,16
DA:175,16
DA:176,1
DA:179,1
DA:180,1
DA:181,0
DA:183,1
DA:186,1
DA:187,1
DA:188,1
DA:190,1
DA:191,1
DA:192,1
DA:193,1
DA:194,1
DA:195,1
DA:196,1
DA:199,1
DA:200,1
DA:203,1
DA:204,1
DA:205,1
DA:206,1
DA:207,1
DA:208,1
DA:209,1
DA:210,1
DA:211,1
DA:214,1
DA:215,1
DA:216,1
DA:217,1
DA:218,1
DA:219,1
DA:220,1
DA:221,1
DA:222,1
DA:225,1
DA:226,1
DA:227,1
DA:228,1
DA:229,1
DA:230,1
DA:233,1
DA:234,3
DA:238,1
DA:239,1
DA:240,1
DA:241,1
DA:244,1
DA:245,1
DA:248,3
DA:249,2
DA:250,2
DA:251,2
DA:252,2
DA:255,1
DA:256,1
DA:257,0
DA:261,3
DA:262,2
DA:263,2
DA:264,2
DA:268,1
DA:269,1
DA:270,0
DA:274,1
DA:275,1
DA:276,1
DA:277,1
DA:281,1
DA:282,1
DA:283,1
DA:287,1
DA:288,1
DA:289,1
DA:292,1
DA:293,1
DA:294,1
DA:297,1
DA:298,1
DA:299,1
DA:300,1
BRF:0
BRH:0
LF:117
LH:102
end_of_record
SF:/home/rmondo/repos/beatbox-trainer/rust/src/audio/engine.rs
FN:389,_RNvNtNtNtCsgw67b32qZET_15beatbox_trainer5audio6engine5testss_12test_bpm_ref
FN:364,_RNvNtNtNtCsgw67b32qZET_15beatbox_trainer5audio6engine5testss_12test_set_bpm
FN:376,_RNvNtNtNtCsgw67b32qZET_15beatbox_trainer5audio6engine5testss_22test_frame_counter_ref
FN:402,_RNvNtNtNtCsgw67b32qZET_15beatbox_trainer5audio6engine5testss_25test_multiple_bpm_updates
FN:349,_RNvNtNtNtCsgw67b32qZET_15beatbox_trainer5audio6engine5testss_26test_audio_engine_creation
FNDA:1,_RNvNtNtNtCsgw67b32qZET_15beatbox_trainer5audio6engine5testss_12test_bpm_ref
FNDA:1,_RNvNtNtNtCsgw67b32qZET_15beatbox_trainer5audio6engine5testss_12test_set_bpm
FNDA:1,_RNvNtNtNtCsgw67b32qZET_15beatbox_trainer5audio6engine5testss_22test_frame_counter_ref
FNDA:1,_RNvNtNtNtCsgw67b32qZET_15beatbox_trainer5audio6engine5testss_25test_multiple_bpm_updates
FNDA:1,_RNvNtNtNtCsgw67b32qZET_15beatbox_trainer5audio6engine5testss_26test_audio_engine_creation
FNF:5
FNH:5
DA:349,1
DA:350,1
DA:351,1
DA:352,1
DA:354,1
DA:355,1
DA:356,1
DA:357,1
DA:359,0
DA:361,1
DA:364,1
DA:365,1
DA:366,1
DA:368,1
DA:369,1
DA:371,1
DA:372,1
DA:373,1
DA:376,1
DA:377,1
DA:378,1
DA:380,1
DA:381,1
DA:384,1
DA:385,1
DA:386,1
DA:389,1
DA:390,1
DA:391,1
DA:393,1
DA:394,1
DA:397,1
DA:398,1
DA:399,1
DA:402,1
DA:403,1
DA:404,1
DA:406,1
DA:407,10
DA:408,9
DA:409,9
DA:411,1
BRF:0
BRH:0
LF:42
LH:41
end_of_record
SF:/home/rmondo/repos/beatbox-trainer/rust/src/audio/metronome.rs
FN:96,_RNvNtNtCsgw67b32qZET_15beatbox_trainer5audio9metronome10is_on_beatB5_
FN:69,_RNvNtNtCsgw67b32qZET_15beatbox_trainer5audio9metronome16samples_per_beatB5_
FN:34,_RNvNtNtCsgw67b32qZET_15beatbox_trainer5audio9metronome21generate_click_sample
FN:159,_RNvNtNtNtCsgw67b32qZET_15beatbox_trainer5audio9metronome5testss_29test_samples_per_beat_formula
FN:229,_RNvNtNtNtCsgw67b32qZET_15beatbox_trainer5audio9metronome5testss_30test_is_on_beat_different_bpms
FN:201,_RNvNtNtNtCsgw67b32qZET_15beatbox_trainer5audio9metronome5testss_30test_is_on_beat_off_boundaries
FN:123,_RNvNtNtNtCsgw67b32qZET_15beatbox_trainer5audio9metronome5testss_32test_generate_click_sample_range
FN:176,_RNvNtNtNtCsgw67b32qZET_15beatbox_trainer5audio9metronome5testss_32test_is_on_beat_exact_boundaries
FN:252,_RNvNtNtNtCsgw67b32qZET_15beatbox_trainer5audio9metronome5testss_33test_is_on_beat_zero_sample_error
FN:106,_RNvNtNtNtCsgw67b32qZET_15beatbox_trainer5audio9metronome5testss_35test_generate_click_sample_duration
FN:138,_RNvNtNtNtCsgw67b32qZET_15beatbox_trainer5audio9metronome5testss_40test_generate_click_sample_deterministic
FN:96,_RNvNtNtCsiSK7pM3Y3fM_15beatbox_trainer5audio9metronome10is_on_beatB5_
FN:69,_RNvNtNtCsiSK7pM3Y3fM_15beatbox_trainer5audio9metronome16samples_per_beatB5_
FN:34,_RNvNtNtCsiSK7pM3Y3fM_15beatbox_trainer5audio9metronome21generate_click_sample
FNDA:215,_RNvNtNtCsgw67b32qZET_15beatbox_trainer5audio9metronome10is_on_beatB5_
FNDA:255,_RNvNtNtCsgw67b32qZET_15beatbox_trainer5audio9metronome16samples_per_beatB5_
FNDA:6,_RNvNtNtCsgw67b32qZET_15beatbox_trainer5audio9metronome21generate_click_sample
FNDA:1,_RNvNtNtNtCsgw67b32qZET_15beatbox_trainer5audio9metronome5testss_29test_samples_per_beat_formula
FNDA:1,_RNvNtNtNtCsgw67b32qZET_15beatbox_trainer5audio9metronome5testss_30test_is_on_beat_different_bpms
FNDA:1,_RNvNtNtNtCsgw67b32qZET_15beatbox_trainer5audio9metronome5testss_30test_is_on_beat_off_boundaries
FNDA:1,_RNvNtNtNtCsgw67b32qZET_15beatbox_trainer5audio9metronome5testss_32test_generate_click_sample_range
FNDA:1,_RNvNtNtNtCsgw67b32qZET_15beatbox_trainer5audio9metronome5testss_32test_is_on_beat_exact_boundaries
FNDA:1,_RNvNtNtNtCsgw67b32qZET_15beatbox_trainer5audio9metronome5testss_33test_is_on_beat_zero_sample_error
FNDA:1,_RNvNtNtNtCsgw67b32qZET_15beatbox_trainer5audio9metronome5testss_35test_generate_click_sample_duration
FNDA:1,_RNvNtNtNtCsgw67b32qZET_15beatbox_trainer5audio9metronome5testss_40test_generate_click_sample_deterministic
FNDA:0,_RNvNtNtCsiSK7pM3Y3fM_15beatbox_trainer5audio9metronome10is_on_beatB5_
FNDA:0,_RNvNtNtCsiSK7pM3Y3fM_15beatbox_trainer5audio9metronome16samples_per_beatB5_
FNDA:0,_RNvNtNtCsiSK7pM3Y3fM_15beatbox_trainer5audio9metronome21generate_click_sample
FNF:11
FNH:11
DA:34,6
DA:36,6
DA:39,6
DA:42,6
DA:43,6642
DA:44,6642
DA:45,6642
DA:47,6
DA:48,6
DA:69,255
DA:70,255
DA:71,255
DA:96,215
DA:97,215
DA:98,215
DA:99,215
DA:106,1
DA:108,1
DA:110,4
DA:111,3
DA:112,3
DA:113,3
DA:114,3
DA:116,0
DA:120,1
DA:123,1
DA:124,1
DA:127,960
DA:128,960
DA:129,960
DA:130,0
DA:135,1
DA:138,1
DA:140,1
DA:141,1
DA:143,1
DA:144,1
DA:145,1
DA:146,0
DA:149,960
DA:150,960
DA:152,0
DA:156,1
DA:159,1
DA:163,1
DA:166,1
DA:169,1
DA:172,1
DA:173,1
DA:176,1
DA:177,1
DA:178,1
DA:179,1
DA:182,1
DA:183,1
DA:184,1
DA:185,0
DA:188,1
DA:189,1
DA:190,0
DA:191,0
DA:193,1
DA:194,1
DA:195,0
DA:196,0
DA:198,1
DA:201,1
DA:202,1
DA:203,1
DA:204,1
DA:207,1
DA:208,1
DA:209,0
DA:211,1
DA:212,1
DA:213,0
DA:214,0
DA:216,1
DA:217,1
DA:218,0
DA:219,0
DA:221,1
DA:222,1
DA:223,0
DA:224,0
DA:226,1
DA:229,1
DA:230,1
DA:233,1
DA:234,1
DA:235,1
DA:236,1
DA:239,4
DA:240,12
DA:241,9
DA:242,9
DA:243,0
DA:249,1
DA:252,1
DA:254,1
DA:255,1
DA:256,1
DA:259,100
DA:260,99
DA:261,99
DA:262,0
DA:263,0
DA:265,99
DA:266,99
DA:267,0
DA:268,0
DA:271,1
BRF:0
BRH:0
LF:112
LH:91
end_of_record
SF:/home/rmondo/repos/beatbox-trainer/rust/src/audio/stubs.rs
FN:150,_RNvMNtNtCsgw67b32qZET_15beatbox_trainer5audio5stubsNtB2_11AudioEngine10is_running
FN:142,_RNvMNtNtCsgw67b32qZET_15beatbox_trainer5audio5stubsNtB2_11AudioEngine11get_bpm_ref
FN:126,_RNvMNtNtCsgw67b32qZET_15beatbox_trainer5audio5stubsNtB2_11AudioEngine17get_frame_counter
FN:134,_RNvMNtNtCsgw67b32qZET_15beatbox_trainer5audio5stubsNtB2_11AudioEngine21get_frame_counter_ref
FN:57,_RNvMNtNtCsgw67b32qZET_15beatbox_trainer5audio5stubsNtB2_11AudioEngine3new
FN:101,_RNvMNtNtCsgw67b32qZET_15beatbox_trainer5audio5stubsNtB2_11AudioEngine4stop
FN:82,_RNvMNtNtCsgw67b32qZET_15beatbox_trainer5audio5stubsNtB2_11AudioEngine5start
FN:118,_RNvMNtNtCsgw67b32qZET_15beatbox_trainer5audio5stubsNtB2_11AudioEngine7get_bpm
FN:110,_RNvMNtNtCsgw67b32qZET_15beatbox_trainer5audio5stubsNtB2_11AudioEngine7set_bpm
FN:207,_RNvNtNtNtCsgw67b32qZET_15beatbox_trainer5audio5stubs5testss_24test_stop_engine_success
FN:172,_RNvNtNtNtCsgw67b32qZET_15beatbox_trainer5audio5stubs5testss_25test_start_engine_success
FN:226,_RNvNtNtNtCsgw67b32qZET_15beatbox_trainer5audio5stubs5testss_26test_set_bpm_updates_value
FN:238,_RNvNtNtNtCsgw67b32qZET_15beatbox_trainer5audio5stubs5testss_34test_get_bpm_returns_current_value
FN:161,_RNvNtNtNtCsgw67b32qZET_15beatbox_trainer5audio5stubs5testss_36test_new_engine_created_successfully
FN:188,_RNvNtNtNtCsgw67b32qZET_15beatbox_trainer5audio5stubs5testss_39test_start_engine_already_running_fails
FN:150,_RNvMNtNtCsiSK7pM3Y3fM_15beatbox_trainer5audio5stubsNtB2_11AudioEngine10is_running
FN:142,_RNvMNtNtCsiSK7pM3Y3fM_15beatbox_trainer5audio5stubsNtB2_11AudioEngine11get_bpm_ref
FN:126,_RNvMNtNtCsiSK7pM3Y3fM_15beatbox_trainer5audio5stubsNtB2_11AudioEngine17get_frame_counter
FN:134,_RNvMNtNtCsiSK7pM3Y3fM_15beatbox_trainer5audio5stubsNtB2_11AudioEngine21get_frame_counter_ref
FN:57,_RNvMNtNtCsiSK7pM3Y3fM_15beatbox_trainer5audio5stubsNtB2_11AudioEngine3new
FN:101,_RNvMNtNtCsiSK7pM3Y3fM_15beatbox_trainer5audio5stubsNtB2_11AudioEngine4stop
FN:82,_RNvMNtNtCsiSK7pM3Y3fM_15beatbox_trainer5audio5stubsNtB2_11AudioEngine5start
FN:118,_RNvMNtNtCsiSK7pM3Y3fM_15beatbox_trainer5audio5stubsNtB2_11AudioEngine7get_bpm
FN:110,_RNvMNtNtCsiSK7pM3Y3fM_15beatbox_trainer5audio5stubsNtB2_11AudioEngine7set_bpm
FNDA:4,_RNvMNtNtCsgw67b32qZET_15beatbox_trainer5audio5stubsNtB2_11AudioEngine10is_running
FNDA:1,_RNvMNtNtCsgw67b32qZET_15beatbox_trainer5audio5stubsNtB2_11AudioEngine11get_bpm_ref
FNDA:2,_RNvMNtNtCsgw67b32qZET_15beatbox_trainer5audio5stubsNtB2_11AudioEngine17get_frame_counter
FNDA:1,_RNvMNtNtCsgw67b32qZET_15beatbox_trainer5audio5stubsNtB2_11AudioEngine21get_frame_counter_ref
FNDA:11,_RNvMNtNtCsgw67b32qZET_15beatbox_trainer5audio5stubsNtB2_11AudioEngine3new
FNDA:1,_RNvMNtNtCsgw67b32qZET_15beatbox_trainer5audio5stubsNtB2_11AudioEngine4stop
FNDA:4,_RNvMNtNtCsgw67b32qZET_15beatbox_trainer5audio5stubsNtB2_11AudioEngine5start
FNDA:17,_RNvMNtNtCsgw67b32qZET_15beatbox_trainer5audio5stubsNtB2_11AudioEngine7get_bpm
FNDA:12,_RNvMNtNtCsgw67b32qZET_15beatbox_trainer5audio5stubsNtB2_11AudioEngine7set_bpm
FNDA:1,_RNvNtNtNtCsgw67b32qZET_15beatbox_trainer5audio5stubs5testss_24test_stop_engine_success
FNDA:1,_RNvNtNtNtCsgw67b32qZET_15beatbox_trainer5audio5stubs5testss_25test_start_engine_success
FNDA:1,_RNvNtNtNtCsgw67b32qZET_15beatbox_trainer5audio5stubs5testss_26test_set_bpm_updates_value
FNDA:1,_RNvNtNtNtCsgw67b32qZET_15beatbox_trainer5audio5stubs5testss_34test_get_bpm_returns_current_value
FNDA:1,_RNvNtNtNtCsgw67b32qZET_15beatbox_trainer5audio5stubs5testss_36test_new_engine_created_successfully
FNDA:1,_RNvNtNtNtCsgw67b32qZET_15beatbox_trainer5audio5stubs5testss_39test_start_engine_already_running_fails
FNDA:0,_RNvMNtNtCsiSK7pM3Y3fM_15beatbox_trainer5audio5stubsNtB2_11AudioEngine10is_running
FNDA:0,_RNvMNtNtCsiSK7pM3Y3fM_15beatbox_trainer5audio5stubsNtB2_11AudioEngine11get_bpm_ref
FNDA:0,_RNvMNtNtCsiSK7pM3Y3fM_15beatbox_trainer5audio5stubsNtB2_11AudioEngine17get_frame_counter
FNDA:0,_RNvMNtNtCsiSK7pM3Y3fM_15beatbox_trainer5audio5stubsNtB2_11AudioEngine21get_frame_counter_ref
FNDA:0,_RNvMNtNtCsiSK7pM3Y3fM_15beatbox_trainer5audio5stubsNtB2_11AudioEngine3new
FNDA:0,_RNvMNtNtCsiSK7pM3Y3fM_15beatbox_trainer5audio5stubsNtB2_11AudioEngine4stop
FNDA:0,_RNvMNtNtCsiSK7pM3Y3fM_15beatbox_trainer5audio5stubsNtB2_11AudioEngine5start
FNDA:0,_RNvMNtNtCsiSK7pM3Y3fM_15beatbox_trainer5audio5stubsNtB2_11AudioEngine7get_bpm
FNDA:0,_RNvMNtNtCsiSK7pM3Y3fM_15beatbox_trainer5audio5stubsNtB2_11AudioEngine7set_bpm
FNF:15
FNH:15
DA:57,11
DA:58,11
DA:59,11
DA:60,11
DA:61,11
DA:62,11
DA:63,11
DA:64,11
DA:65,11
DA:66,11
DA:67,11
DA:68,11
DA:69,11
DA:82,4
DA:83,4
DA:84,4
DA:85,4
DA:86,4
DA:87,4
DA:88,4
DA:89,4
DA:90,4
DA:91,1
DA:92,3
DA:93,3
DA:94,3
DA:95,4
DA:101,1
DA:102,1
DA:103,1
DA:104,1
DA:110,12
DA:111,12
DA:112,12
DA:118,17
DA:119,17
DA:120,17
DA:126,2
DA:127,2
DA:128,2
DA:134,1
DA:135,1
DA:136,1
DA:142,1
DA:143,1
DA:144,1
DA:150,4
DA:151,4
DA:152,4
DA:161,1
DA:162,1
DA:163,1
DA:165,1
DA:166,1
DA:167,1
DA:168,1
DA:169,1
DA:172,1
DA:173,1
DA:174,1
DA:176,1
DA:177,1
DA:179,1
DA:181,1
DA:183,1
DA:184,1
DA:185,1
DA:188,1
DA:189,1
DA:190,1
DA:192,1
DA:193,1
DA:195,1
DA:198,1
DA:201,1
DA:203,1
DA:204,1
DA:207,1
DA:208,1
DA:209,1
DA:211,1
DA:212,1
DA:214,1
DA:216,1
DA:217,1
DA:219,1
DA:221,1
DA:222,1
DA:223,1
DA:226,1
DA:227,1
DA:228,1
DA:230,1
DA:232,1
DA:234,1
DA:235,1
DA:238,1
DA:239,1
DA:240,1
DA:242,1
DA:243,1
BRF:0
BRH:0
LF:101
LH:101
end_of_record
SF:/home/rmondo/repos/beatbox-trainer/rust/src/bridge_generated.rs
FN:477,_RNvXNtCsgw67b32qZET_15beatbox_trainer16bridge_generatedNtCse6NEI8Fl0or_6anyhow5ErrorNtB2_9SseDecode10sse_decode
FN:1317,_RNvXs1b_NtCsgw67b32qZET_15beatbox_trainer16bridge_generatedbNtB6_9SseEncode10sse_encode
FN:519,_RNvXs2_NtCsgw67b32qZET_15beatbox_trainer16bridge_generatedNtNtB7_5error10AudioErrorNtB5_9SseDecode10sse_decode
FN:567,_RNvXs3_NtCsgw67b32qZET_15beatbox_trainer16bridge_generatedNtNtB7_5error15AudioErrorCodesNtB5_9SseDecode10sse_decode
FN:574,_RNvXs4_NtCsgw67b32qZET_15beatbox_trainer16bridge_generatedNtNtNtB7_8analysis10classifier10BeatboxHitNtB5_9SseDecode10sse_decode
FN:591,_RNvXs5_NtCsgw67b32qZET_15beatbox_trainer16bridge_generatedNtNtB7_5error16CalibrationErrorNtB5_9SseDecode10sse_decode
FN:624,_RNvXs6_NtCsgw67b32qZET_15beatbox_trainer16bridge_generatedNtNtB7_5error21CalibrationErrorCodesNtB5_9SseDecode10sse_decode
FN:631,_RNvXs7_NtCsgw67b32qZET_15beatbox_trainer16bridge_generatedNtNtNtB7_11calibration8progress19CalibrationProgressNtB5_9SseDecode10sse_decode
FN:646,_RNvXs8_NtCsgw67b32qZET_15beatbox_trainer16bridge_generatedNtNtNtB7_11calibration8progress16CalibrationSoundNtB5_9SseDecode10sse_decode
FN:659,_RNvXs9_NtCsgw67b32qZET_15beatbox_trainer16bridge_generatedNtNtB7_8analysis20ClassificationResultNtB5_9SseDecode10sse_decode
FN:935,_RNvXsA_NtCsgw67b32qZET_15beatbox_trainer16bridge_generatedNtNtNtB7_11calibration8progress19CalibrationProgressNtNtCsh3BSYjAn79x_12allo_isolate9into_dart8IntoDart9into_dart
FN:951,_RNvXsC_NtCsgw67b32qZET_15beatbox_trainer16bridge_generatedNtNtNtB7_11calibration8progress19CalibrationProgressINtNtNtCs6aXNeme1sPx_19flutter_rust_bridge4misc14into_into_dart12IntoIntoDartBU_E14into_into_dart
FN:957,_RNvXsD_NtCsgw67b32qZET_15beatbox_trainer16bridge_generatedNtNtNtB7_11calibration8progress16CalibrationSoundNtNtCsh3BSYjAn79x_12allo_isolate9into_dart8IntoDart9into_dart
FN:973,_RNvXsF_NtCsgw67b32qZET_15beatbox_trainer16bridge_generatedNtNtNtB7_11calibration8progress16CalibrationSoundINtNtNtCs6aXNeme1sPx_19flutter_rust_bridge4misc14into_into_dart12IntoIntoDartBU_E14into_into_dart
FN:979,_RNvXsG_NtCsgw67b32qZET_15beatbox_trainer16bridge_generatedNtNtB7_8analysis20ClassificationResultNtNtCsh3BSYjAn79x_12allo_isolate9into_dart8IntoDart9into_dart
FN:996,_RNvXsI_NtCsgw67b32qZET_15beatbox_trainer16bridge_generatedNtNtB7_8analysis20ClassificationResultINtNtNtCs6aXNeme1sPx_19flutter_rust_bridge4misc14into_into_dart12IntoIntoDartBU_E14into_into_dart
FN:1002,_RNvXsJ_NtCsgw67b32qZET_15beatbox_trainer16bridge_generatedNtNtNtB7_8analysis9quantizer20TimingClassificationNtNtCsh3BSYjAn79x_12allo_isolate9into_dart8IntoDart9into_dart
FN:1018,_RNvXsL_NtCsgw67b32qZET_15beatbox_trainer16bridge_generatedNtNtNtB7_8analysis9quantizer20TimingClassificationINtNtNtCs6aXNeme1sPx_19flutter_rust_bridge4misc14into_into_dart12IntoIntoDartBU_E14into_into_dart
FN:1024,_RNvXsM_NtCsgw67b32qZET_15beatbox_trainer16bridge_generatedNtNtNtB7_8analysis9quantizer14TimingFeedbackNtNtCsh3BSYjAn79x_12allo_isolate9into_dart8IntoDart9into_dart
FN:1039,_RNvXsO_NtCsgw67b32qZET_15beatbox_trainer16bridge_generatedNtNtNtB7_8analysis9quantizer14TimingFeedbackINtNtNtCs6aXNeme1sPx_19flutter_rust_bridge4misc14into_into_dart12IntoIntoDartBU_E14into_into_dart
FN:1058,_RNvXsQ_NtCsgw67b32qZET_15beatbox_trainer16bridge_generatedINtB5_10StreamSinkNtNtNtB7_11calibration8progress19CalibrationProgressENtB5_9SseEncode10sse_encode
FN:1070,_RNvXsR_NtCsgw67b32qZET_15beatbox_trainer16bridge_generatedINtB5_10StreamSinkNtNtB7_8analysis20ClassificationResultENtB5_9SseEncode10sse_encode
FN:675,_RNvXsa_NtCsgw67b32qZET_15beatbox_trainer16bridge_generatedfNtB5_9SseDecode10sse_decode
FN:701,_RNvXsd_NtCsgw67b32qZET_15beatbox_trainer16bridge_generatedNtNtNtB7_8analysis9quantizer20TimingClassificationNtB5_9SseDecode10sse_decode
FN:714,_RNvXse_NtCsgw67b32qZET_15beatbox_trainer16bridge_generatedNtNtNtB7_8analysis9quantizer14TimingFeedbackNtB5_9SseDecode10sse_decode
FN:734,_RNvXsg_NtCsgw67b32qZET_15beatbox_trainer16bridge_generatedyNtB5_9SseDecode10sse_decode
FN:748,_RNvXsi_NtCsgw67b32qZET_15beatbox_trainer16bridge_generateduNtB5_9SseDecode10sse_decode
FN:753,_RNvXsj_NtCsgw67b32qZET_15beatbox_trainer16bridge_generatedjNtB5_9SseDecode10sse_decode
FN:760,_RNvXsk_NtCsgw67b32qZET_15beatbox_trainer16bridge_generatedbNtB5_9SseDecode10sse_decode
FN:807,_RNvXsl_NtCsgw67b32qZET_15beatbox_trainer16bridge_generatedNtNtB7_5error10AudioErrorNtNtCsh3BSYjAn79x_12allo_isolate9into_dart8IntoDart9into_dart
FN:836,_RNvXsn_NtCsgw67b32qZET_15beatbox_trainer16bridge_generatedNtNtB7_5error10AudioErrorINtNtNtCs6aXNeme1sPx_19flutter_rust_bridge4misc14into_into_dart12IntoIntoDartBU_E14into_into_dart
FN:842,_RNvXso_NtCsgw67b32qZET_15beatbox_trainer16bridge_generatedNtNtB7_5error15AudioErrorCodesNtNtCsh3BSYjAn79x_12allo_isolate9into_dart8IntoDart9into_dart
FN:850,_RNvXsq_NtCsgw67b32qZET_15beatbox_trainer16bridge_generatedNtNtB7_5error15AudioErrorCodesINtNtNtCs6aXNeme1sPx_19flutter_rust_bridge4misc14into_into_dart12IntoIntoDartBU_E14into_into_dart
FN:856,_RNvXsr_NtCsgw67b32qZET_15beatbox_trainer16bridge_generatedNtNtNtB7_8analysis10classifier10BeatboxHitNtNtCsh3BSYjAn79x_12allo_isolate9into_dart8IntoDart9into_dart
FN:876,_RNvXst_NtCsgw67b32qZET_15beatbox_trainer16bridge_generatedNtNtNtB7_8analysis10classifier10BeatboxHitINtNtNtCs6aXNeme1sPx_19flutter_rust_bridge4misc14into_into_dart12IntoIntoDartBU_E14into_into_dart
FN:882,_RNvXsu_NtCsgw67b32qZET_15beatbox_trainer16bridge_generatedNtNtB7_5error16CalibrationErrorNtNtCsh3BSYjAn79x_12allo_isolate9into_dart8IntoDart9into_dart
FN:912,_RNvXsw_NtCsgw67b32qZET_15beatbox_trainer16bridge_generatedNtNtB7_5error16CalibrationErrorINtNtNtCs6aXNeme1sPx_19flutter_rust_bridge4misc14into_into_dart12IntoIntoDartBU_E14into_into_dart
FN:918,_RNvXsx_NtCsgw67b32qZET_15beatbox_trainer16bridge_generatedNtNtB7_5error21CalibrationErrorCodesNtNtCsh3BSYjAn79x_12allo_isolate9into_dart8IntoDart9into_dart
FN:929,_RNvXsz_NtCsgw67b32qZET_15beatbox_trainer16bridge_generatedNtNtB7_5error21CalibrationErrorCodesINtNtNtCs6aXNeme1sPx_19flutter_rust_bridge4misc14into_into_dart12IntoIntoDartBU_E14into_into_dart
FN:1190,_RNvXsY_NtCsgw67b32qZET_15beatbox_trainer16bridge_generatedNtNtNtB7_11calibration8progress19CalibrationProgressNtB5_9SseEncode10sse_encode
FN:1202,_RNvXsZ_NtCsgw67b32qZET_15beatbox_trainer16bridge_generatedNtNtNtB7_11calibration8progress16CalibrationSoundNtB5_9SseEncode10sse_encode
FN:511,_RNvXs1_NtCsgw67b32qZET_15beatbox_trainer16bridge_generatedNtNtCscmSb185pVu_5alloc6string6StringNtB5_9SseDecode10sse_decode
FN:1077,_RNvXsS_NtCsgw67b32qZET_15beatbox_trainer16bridge_generatedNtNtCscmSb185pVu_5alloc6string6StringNtB5_9SseEncode10sse_encode
FN:1084,_RNvXsT_NtCsgw67b32qZET_15beatbox_trainer16bridge_generatedNtNtB7_5error10AudioErrorNtB5_9SseEncode10sse_encode
FN:1127,_RNvXsU_NtCsgw67b32qZET_15beatbox_trainer16bridge_generatedNtNtB7_5error15AudioErrorCodesNtB5_9SseEncode10sse_encode
FN:1153,_RNvXsW_NtCsgw67b32qZET_15beatbox_trainer16bridge_generatedNtNtB7_5error16CalibrationErrorNtB5_9SseEncode10sse_encode
FN:1185,_RNvXsX_NtCsgw67b32qZET_15beatbox_trainer16bridge_generatedNtNtB7_5error21CalibrationErrorCodesNtB5_9SseEncode10sse_encode
FN:1253,_RNvXs14_NtCsgw67b32qZET_15beatbox_trainer16bridge_generatedNtNtNtB8_8analysis9quantizer20TimingClassificationNtB6_9SseEncode10sse_encode
FN:1270,_RNvXs15_NtCsgw67b32qZET_15beatbox_trainer16bridge_generatedNtNtNtB8_8analysis9quantizer14TimingFeedbackNtB6_9SseEncode10sse_encode
FN:1219,_RNvXs10_NtCsgw67b32qZET_15beatbox_trainer16bridge_generatedNtNtB8_8analysis20ClassificationResultNtB6_9SseEncode10sse_encode
FN:367,_RNCNCNCNvNtCsgw67b32qZET_15beatbox_trainer16bridge_generated30wire__crate__api__set_bpm_impl000B9_
FN:464,_RNCNCNCNvNtCsgw67b32qZET_15beatbox_trainer16bridge_generated33wire__crate__api__stop_audio_impl000B9_
FN:400,_RNCNCNCNvNtCsgw67b32qZET_15beatbox_trainer16bridge_generated34wire__crate__api__start_audio_impl000B9_
FN:432,_RNCNCNCNvNtCsgw67b32qZET_15beatbox_trainer16bridge_generated40wire__crate__api__start_calibration_impl000B9_
FN:76,_RNCNCNCNvNtCsgw67b32qZET_15beatbox_trainer16bridge_generated41wire__crate__api__calibration_stream_impl000B9_
FN:148,_RNCNCNCNvNtCsgw67b32qZET_15beatbox_trainer16bridge_generated41wire__crate__api__finish_calibration_impl000B9_
FN:114,_RNCNCNCNvNtCsgw67b32qZET_15beatbox_trainer16bridge_generated44wire__crate__api__classification_stream_impl000B9_
FN:238,_RNCNCNCNvNtCsgw67b32qZET_15beatbox_trainer16bridge_generated44wire__crate__api__get_calibration_state_impl000B9_
FN:334,_RNCNCNCNvNtCsgw67b32qZET_15beatbox_trainer16bridge_generated45wire__crate__api__load_calibration_state_impl000B9_
FN:301,_RNCNCNvNtCsgw67b32qZET_15beatbox_trainer16bridge_generated28wire__crate__api__greet_impl00B7_
FN:366,_RNCNCNvNtCsgw67b32qZET_15beatbox_trainer16bridge_generated30wire__crate__api__set_bpm_impl00B7_
FN:463,_RNCNCNvNtCsgw67b32qZET_15beatbox_trainer16bridge_generated33wire__crate__api__stop_audio_impl00B7_
FN:269,_RNCNCNvNtCsgw67b32qZET_15beatbox_trainer16bridge_generated34wire__crate__api__get_version_impl00B7_
FN:399,_RNCNCNvNtCsgw67b32qZET_15beatbox_trainer16bridge_generated34wire__crate__api__start_audio_impl00B7_
FN:431,_RNCNCNvNtCsgw67b32qZET_15beatbox_trainer16bridge_generated40wire__crate__api__start_calibration_impl00B7_
FN:75,_RNCNCNvNtCsgw67b32qZET_15beatbox_trainer16bridge_generated41wire__crate__api__calibration_stream_impl00B7_
FN:147,_RNCNCNvNtCsgw67b32qZET_15beatbox_trainer16bridge_generated41wire__crate__api__finish_calibration_impl00B7_
FN:113,_RNCNCNvNtCsgw67b32qZET_15beatbox_trainer16bridge_generated44wire__crate__api__classification_stream_impl00B7_
FN:178,_RNCNCNvNtCsgw67b32qZET_15beatbox_trainer16bridge_generated44wire__crate__api__get_audio_error_codes_impl00B7_
FN:237,_RNCNCNvNtCsgw67b32qZET_15beatbox_trainer16bridge_generated44wire__crate__api__get_calibration_state_impl00B7_
FN:333,_RNCNCNvNtCsgw67b32qZET_15beatbox_trainer16bridge_generated45wire__crate__api__load_calibration_state_impl00B7_
FN:207,_RNCNCNvNtCsgw67b32qZET_15beatbox_trainer16bridge_generated50wire__crate__api__get_calibration_error_codes_impl00B7_
FN:288,_RNCNvNtCsgw67b32qZET_15beatbox_trainer16bridge_generated28wire__crate__api__greet_impl0B5_
FN:354,_RNCNvNtCsgw67b32qZET_15beatbox_trainer16bridge_generated30wire__crate__api__set_bpm_impl0B5_
FN:452,_RNCNvNtCsgw67b32qZET_15beatbox_trainer16bridge_generated33wire__crate__api__stop_audio_impl0B5_
FN:257,_RNCNvNtCsgw67b32qZET_15beatbox_trainer16bridge_generated34wire__crate__api__get_version_impl0B5_
FN:387,_RNCNvNtCsgw67b32qZET_15beatbox_trainer16bridge_generated34wire__crate__api__start_audio_impl0B5_
FN:420,_RNCNvNtCsgw67b32qZET_15beatbox_trainer16bridge_generated40wire__crate__api__start_calibration_impl0B5_
FN:60,_RNCNvNtCsgw67b32qZET_15beatbox_trainer16bridge_generated41wire__crate__api__calibration_stream_impl0B5_
FN:136,_RNCNvNtCsgw67b32qZET_15beatbox_trainer16bridge_generated41wire__crate__api__finish_calibration_impl0B5_
FN:98,_RNCNvNtCsgw67b32qZET_15beatbox_trainer16bridge_generated44wire__crate__api__classification_stream_impl0B5_
FN:167,_RNCNvNtCsgw67b32qZET_15beatbox_trainer16bridge_generated44wire__crate__api__get_audio_error_codes_impl0B5_
FN:226,_RNCNvNtCsgw67b32qZET_15beatbox_trainer16bridge_generated44wire__crate__api__get_calibration_state_impl0B5_
FN:321,_RNCNvNtCsgw67b32qZET_15beatbox_trainer16bridge_generated45wire__crate__api__load_calibration_state_impl0B5_
FN:196,_RNCNvNtCsgw67b32qZET_15beatbox_trainer16bridge_generated50wire__crate__api__get_calibration_error_codes_impl0B5_
FN:1132,_RNvXsV_NtCsgw67b32qZET_15beatbox_trainer16bridge_generatedNtNtNtB7_8analysis10classifier10BeatboxHitNtB5_9SseEncode10sse_encode
FN:1243,_RNvXs13_NtCsgw67b32qZET_15beatbox_trainer16bridge_generatedINtNtCscmSb185pVu_5alloc3vec3VechENtB6_9SseEncode10sse_encode
FN:689,_RNvXsc_NtCsgw67b32qZET_15beatbox_trainer16bridge_generatedINtNtCscmSb185pVu_5alloc3vec3VechENtB5_9SseDecode10sse_decode
FN:787,_RNvNtCsgw67b32qZET_15beatbox_trainer16bridge_generated28pde_ffi_dispatcher_sync_impl
FN:277,_RNvNtCsgw67b32qZET_15beatbox_trainer16bridge_generated28wire__crate__api__greet_impl
FN:342,_RNvNtCsgw67b32qZET_15beatbox_trainer16bridge_generated30wire__crate__api__set_bpm_impl
FN:765,_RNvNtCsgw67b32qZET_15beatbox_trainer16bridge_generated31pde_ffi_dispatcher_primary_impl
FN:440,_RNvNtCsgw67b32qZET_15beatbox_trainer16bridge_generated33wire__crate__api__stop_audio_impl
FN:246,_RNvNtCsgw67b32qZET_15beatbox_trainer16bridge_generated34wire__crate__api__get_version_impl
FN:375,_RNvNtCsgw67b32qZET_15beatbox_trainer16bridge_generated34wire__crate__api__start_audio_impl
FN:408,_RNvNtCsgw67b32qZET_15beatbox_trainer16bridge_generated40wire__crate__api__start_calibration_impl
FN:48,_RNvNtCsgw67b32qZET_15beatbox_trainer16bridge_generated41wire__crate__api__calibration_stream_impl
FN:124,_RNvNtCsgw67b32qZET_15beatbox_trainer16bridge_generated41wire__crate__api__finish_calibration_impl
FN:86,_RNvNtCsgw67b32qZET_15beatbox_trainer16bridge_generated44wire__crate__api__classification_stream_impl
FN:156,_RNvNtCsgw67b32qZET_15beatbox_trainer16bridge_generated44wire__crate__api__get_audio_error_codes_impl
FN:214,_RNvNtCsgw67b32qZET_15beatbox_trainer16bridge_generated44wire__crate__api__get_calibration_state_impl
FN:309,_RNvNtCsgw67b32qZET_15beatbox_trainer16bridge_generated45wire__crate__api__load_calibration_state_impl
FN:185,_RNvNtCsgw67b32qZET_15beatbox_trainer16bridge_generated50wire__crate__api__get_calibration_error_codes_impl
FN:503,_RNvXs0_NtCsgw67b32qZET_15beatbox_trainer16bridge_generatedINtB5_10StreamSinkNtNtB7_8analysis20ClassificationResultENtB5_9SseDecode10sse_decode
FN:1229,_RNvXs11_NtCsgw67b32qZET_15beatbox_trainer16bridge_generatedfNtB6_9SseEncode10sse_encode
FN:1236,_RNvXs12_NtCsgw67b32qZET_15beatbox_trainer16bridge_generatedlNtB6_9SseEncode10sse_encode
FN:1281,_RNvXs16_NtCsgw67b32qZET_15beatbox_trainer16bridge_generatedmNtB6_9SseEncode10sse_encode
FN:1288,_RNvXs17_NtCsgw67b32qZET_15beatbox_trainer16bridge_generatedyNtB6_9SseEncode10sse_encode
FN:1295,_RNvXs18_NtCsgw67b32qZET_15beatbox_trainer16bridge_generatedhNtB6_9SseEncode10sse_encode
FN:1302,_RNvXs19_NtCsgw67b32qZET_15beatbox_trainer16bridge_generateduNtB6_9SseEncode10sse_encode
FN:1307,_RNvXs1a_NtCsgw67b32qZET_15beatbox_trainer16bridge_generatedjNtB6_9SseEncode10sse_encode
FN:490,_RNvXs_NtCsgw67b32qZET_15beatbox_trainer16bridge_generatedINtB4_10StreamSinkNtNtNtB6_11calibration8progress19CalibrationProgressENtB4_9SseDecode10sse_decode
FN:682,_RNvXsb_NtCsgw67b32qZET_15beatbox_trainer16bridge_generatedlNtB5_9SseDecode10sse_decode
FN:727,_RNvXsf_NtCsgw67b32qZET_15beatbox_trainer16bridge_generatedmNtB5_9SseDecode10sse_decode
FN:741,_RNvXsh_NtCsgw67b32qZET_15beatbox_trainer16bridge_generatedhNtB5_9SseDecode10sse_decode
FN:1046,_RNvXsP_NtCsgw67b32qZET_15beatbox_trainer16bridge_generatedNtCse6NEI8Fl0or_6anyhow5ErrorNtB5_9SseEncode10sse_encode
FN:511,_RNvXs1_NtCsiSK7pM3Y3fM_15beatbox_trainer16bridge_generatedNtNtCscmSb185pVu_5alloc6string6StringNtB5_9SseDecode10sse_decode
FN:1077,_RNvXsS_NtCsiSK7pM3Y3fM_15beatbox_trainer16bridge_generatedNtNtCscmSb185pVu_5alloc6string6StringNtB5_9SseEncode10sse_encode
FN:1219,_RNvXs10_NtCsiSK7pM3Y3fM_15beatbox_trainer16bridge_generatedNtNtB8_8analysis20ClassificationResultNtB6_9SseEncode10sse_encode
FN:659,_RNvXs9_NtCsiSK7pM3Y3fM_15beatbox_trainer16bridge_generatedNtNtB7_8analysis20ClassificationResultNtB5_9SseDecode10sse_decode
FN:979,_RNvXsG_NtCsiSK7pM3Y3fM_15beatbox_trainer16bridge_generatedNtNtB7_8analysis20ClassificationResultNtNtCsh3BSYjAn79x_12allo_isolate9into_dart8IntoDart9into_dart
FN:996,_RNvXsI_NtCsiSK7pM3Y3fM_15beatbox_trainer16bridge_generatedNtNtB7_8analysis20ClassificationResultINtNtNtCs6aXNeme1sPx_19flutter_rust_bridge4misc14into_into_dart12IntoIntoDartBU_E14into_into_dart
FN:574,_RNvXs4_NtCsiSK7pM3Y3fM_15beatbox_trainer16bridge_generatedNtNtNtB7_8analysis10classifier10BeatboxHitNtB5_9SseDecode10sse_decode
FN:1132,_RNvXsV_NtCsiSK7pM3Y3fM_15beatbox_trainer16bridge_generatedNtNtNtB7_8analysis10classifier10BeatboxHitNtB5_9SseEncode10sse_encode
FN:856,_RNvXsr_NtCsiSK7pM3Y3fM_15beatbox_trainer16bridge_generatedNtNtNtB7_8analysis10classifier10BeatboxHitNtNtCsh3BSYjAn79x_12allo_isolate9into_dart8IntoDart9into_dart
FN:876,_RNvXst_NtCsiSK7pM3Y3fM_15beatbox_trainer16bridge_generatedNtNtNtB7_8analysis10classifier10BeatboxHitINtNtNtCs6aXNeme1sPx_19flutter_rust_bridge4misc14into_into_dart12IntoIntoDartBU_E14into_into_dart
FN:787,_RNvNtCsiSK7pM3Y3fM_15beatbox_trainer16bridge_generated28pde_ffi_dispatcher_sync_impl
FN:277,_RNvNtCsiSK7pM3Y3fM_15beatbox_trainer16bridge_generated28wire__crate__api__greet_impl
FN:342,_RNvNtCsiSK7pM3Y3fM_15beatbox_trainer16bridge_generated30wire__crate__api__set_bpm_impl
FN:765,_RNvNtCsiSK7pM3Y3fM_15beatbox_trainer16bridge_generated31pde_ffi_dispatcher_primary_impl
FN:440,_RNvNtCsiSK7pM3Y3fM_15beatbox_trainer16bridge_generated33wire__crate__api__stop_audio_impl
FN:246,_RNvNtCsiSK7pM3Y3fM_15beatbox_trainer16bridge_generated34wire__crate__api__get_version_impl
FN:375,_RNvNtCsiSK7pM3Y3fM_15beatbox_trainer16bridge_generated34wire__crate__api__start_audio_impl
FN:408,_RNvNtCsiSK7pM3Y3fM_15beatbox_trainer16bridge_generated40wire__crate__api__start_calibration_impl
FN:48,_RNvNtCsiSK7pM3Y3fM_15beatbox_trainer16bridge_generated41wire__crate__api__calibration_stream_impl
FN:124,_RNvNtCsiSK7pM3Y3fM_15beatbox_trainer16bridge_generated41wire__crate__api__finish_calibration_impl
FN:86,_RNvNtCsiSK7pM3Y3fM_15beatbox_trainer16bridge_generated44wire__crate__api__classification_stream_impl
FN:156,_RNvNtCsiSK7pM3Y3fM_15beatbox_trainer16bridge_generated44wire__crate__api__get_audio_error_codes_impl
FN:214,_RNvNtCsiSK7pM3Y3fM_15beatbox_trainer16bridge_generated44wire__crate__api__get_calibration_state_impl
FN:309,_RNvNtCsiSK7pM3Y3fM_15beatbox_trainer16bridge_generated45wire__crate__api__load_calibration_state_impl
FN:185,_RNvNtCsiSK7pM3Y3fM_15beatbox_trainer16bridge_generated50wire__crate__api__get_calibration_error_codes_impl
FN:503,_RNvXs0_NtCsiSK7pM3Y3fM_15beatbox_trainer16bridge_generatedINtB5_10StreamSinkNtNtB7_8analysis20ClassificationResultENtB5_9SseDecode10sse_decode
FN:1229,_RNvXs11_NtCsiSK7pM3Y3fM_15beatbox_trainer16bridge_generatedfNtB6_9SseEncode10sse_encode
FN:1236,_RNvXs12_NtCsiSK7pM3Y3fM_15beatbox_trainer16bridge_generatedlNtB6_9SseEncode10sse_encode
FN:1281,_RNvXs16_NtCsiSK7pM3Y3fM_15beatbox_trainer16bridge_generatedmNtB6_9SseEncode10sse_encode
FN:1288,_RNvXs17_NtCsiSK7pM3Y3fM_15beatbox_trainer16bridge_generatedyNtB6_9SseEncode10sse_encode
FN:1295,_RNvXs18_NtCsiSK7pM3Y3fM_15beatbox_trainer16bridge_generatedhNtB6_9SseEncode10sse_encode
FN:1302,_RNvXs19_NtCsiSK7pM3Y3fM_15beatbox_trainer16bridge_generateduNtB6_9SseEncode10sse_encode
FN:1307,_RNvXs1a_NtCsiSK7pM3Y3fM_15beatbox_trainer16bridge_generatedjNtB6_9SseEncode10sse_encode
FN:1317,_RNvXs1b_NtCsiSK7pM3Y3fM_15beatbox_trainer16bridge_generatedbNtB6_9SseEncode10sse_encode
FN:1058,_RNvXsQ_NtCsiSK7pM3Y3fM_15beatbox_trainer16bridge_generatedINtB5_10StreamSinkNtNtNtB7_11calibration8progress19CalibrationProgressENtB5_9SseEncode10sse_encode
FN:1070,_RNvXsR_NtCsiSK7pM3Y3fM_15beatbox_trainer16bridge_generatedINtB5_10StreamSinkNtNtB7_8analysis20ClassificationResultENtB5_9SseEncode10sse_encode
FN:490,_RNvXs_NtCsiSK7pM3Y3fM_15beatbox_trainer16bridge_generatedINtB4_10StreamSinkNtNtNtB6_11calibration8progress19CalibrationProgressENtB4_9SseDecode10sse_decode
FN:675,_RNvXsa_NtCsiSK7pM3Y3fM_15beatbox_trainer16bridge_generatedfNtB5_9SseDecode10sse_decode
FN:682,_RNvXsb_NtCsiSK7pM3Y3fM_15beatbox_trainer16bridge_generatedlNtB5_9SseDecode10sse_decode
FN:727,_RNvXsf_NtCsiSK7pM3Y3fM_15beatbox_trainer16bridge_generatedmNtB5_9SseDecode10sse_decode
FN:734,_RNvXsg_NtCsiSK7pM3Y3fM_15beatbox_trainer16bridge_generatedyNtB5_9SseDecode10sse_decode
FN:741,_RNvXsh_NtCsiSK7pM3Y3fM_15beatbox_trainer16bridge_generatedhNtB5_9SseDecode10sse_decode
FN:748,_RNvXsi_NtCsiSK7pM3Y3fM_15beatbox_trainer16bridge_generateduNtB5_9SseDecode10sse_decode
FN:753,_RNvXsj_NtCsiSK7pM3Y3fM_15beatbox_trainer16bridge_generatedjNtB5_9SseDecode10sse_decode
FN:760,_RNvXsk_NtCsiSK7pM3Y3fM_15beatbox_trainer16bridge_generatedbNtB5_9SseDecode10sse_decode
FN:367,_RNCNCNCNvNtCsiSK7pM3Y3fM_15beatbox_trainer16bridge_generated30wire__crate__api__set_bpm_impl000B9_
FN:464,_RNCNCNCNvNtCsiSK7pM3Y3fM_15beatbox_trainer16bridge_generated33wire__crate__api__stop_audio_impl000B9_
FN:400,_RNCNCNCNvNtCsiSK7pM3Y3fM_15beatbox_trainer16bridge_generated34wire__crate__api__start_audio_impl000B9_
[...]
FN:37,_RNvMNtNtCsgw67b32qZET_15beatbox_trainer8managers17broadcast_managerNtB2_23BroadcastChannelManager3new
FN:202,_RNvXs_NtNtCsgw67b32qZET_15beatbox_trainer8managers17broadcast_managerNtB4_23BroadcastChannelManagerNtNtCs5GmCzIpY9Qj_4core7default7Default7default
FN:125,_RNCNvMNtNtCsgw67b32qZET_15beatbox_trainer8managers17broadcast_managerNtB4_23BroadcastChannelManager21subscribe_calibration0B8_
FN:197,_RNCNvMNtNtCsgw67b32qZET_15beatbox_trainer8managers17broadcast_managerNtB4_23BroadcastChannelManager22subscribe_onset_events0B8_
FN:161,_RNCNvMNtNtCsgw67b32qZET_15beatbox_trainer8managers17broadcast_managerNtB4_23BroadcastChannelManager23subscribe_audio_metrics0B8_
FN:85,_RNCNvMNtNtCsgw67b32qZET_15beatbox_trainer8managers17broadcast_managerNtB4_23BroadcastChannelManager24subscribe_classification0B8_
FN:301,_RNvNtNtNtCsgw67b32qZET_15beatbox_trainer8managers17broadcast_manager5testss_27test_default_implementation
FN:256,_RNvNtNtNtCsgw67b32qZET_15beatbox_trainer8managers17broadcast_manager5testss_34test_calibration_channel_lifecycle
FN:286,_RNvNtNtNtCsgw67b32qZET_15beatbox_trainer8managers17broadcast_manager5testss_35test_onset_events_channel_lifecycle
FN:271,_RNvNtNtNtCsgw67b32qZET_15beatbox_trainer8managers17broadcast_manager5testss_36test_audio_metrics_channel_lifecycle
FN:212,_RNvNtNtNtCsgw67b32qZET_15beatbox_trainer8managers17broadcast_manager5testss_37test_classification_channel_lifecycle
FN:227,_RNvNtNtNtCsgw67b32qZET_15beatbox_trainer8managers17broadcast_manager5testss_40test_classification_multiple_subscribers
FN:125,_RNCNvMNtNtCsiSK7pM3Y3fM_15beatbox_trainer8managers17broadcast_managerNtB4_23BroadcastChannelManager21subscribe_calibration0B8_
FN:197,_RNCNvMNtNtCsiSK7pM3Y3fM_15beatbox_trainer8managers17broadcast_managerNtB4_23BroadcastChannelManager22subscribe_onset_events0B8_
FN:161,_RNCNvMNtNtCsiSK7pM3Y3fM_15beatbox_trainer8managers17broadcast_managerNtB4_23BroadcastChannelManager23subscribe_audio_metrics0B8_
FN:85,_RNCNvMNtNtCsiSK7pM3Y3fM_15beatbox_trainer8managers17broadcast_managerNtB4_23BroadcastChannelManager24subscribe_classification0B8_
FN:104,_RNvMNtNtCsiSK7pM3Y3fM_15beatbox_trainer8managers17broadcast_managerNtB2_23BroadcastChannelManager16init_calibration
FN:180,_RNvMNtNtCsiSK7pM3Y3fM_15beatbox_trainer8managers17broadcast_managerNtB2_23BroadcastChannelManager17init_onset_events
FN:144,_RNvMNtNtCsiSK7pM3Y3fM_15beatbox_trainer8managers17broadcast_managerNtB2_23BroadcastChannelManager18init_audio_metrics
FN:62,_RNvMNtNtCsiSK7pM3Y3fM_15beatbox_trainer8managers17broadcast_managerNtB2_23BroadcastChannelManager19init_classification
FN:120,_RNvMNtNtCsiSK7pM3Y3fM_15beatbox_trainer8managers17broadcast_managerNtB2_23BroadcastChannelManager21subscribe_calibration
FN:192,_RNvMNtNtCsiSK7pM3Y3fM_15beatbox_trainer8managers17broadcast_managerNtB2_23BroadcastChannelManager22subscribe_onset_events
FN:156,_RNvMNtNtCsiSK7pM3Y3fM_15beatbox_trainer8managers17broadcast_managerNtB2_23BroadcastChannelManager23subscribe_audio_metrics
FN:80,_RNvMNtNtCsiSK7pM3Y3fM_15beatbox_trainer8managers17broadcast_managerNtB2_23BroadcastChannelManager24subscribe_classification
FN:37,_RNvMNtNtCsiSK7pM3Y3fM_15beatbox_trainer8managers17broadcast_managerNtB2_23BroadcastChannelManager3new
FN:202,_RNvXs_NtNtCsiSK7pM3Y3fM_15beatbox_trainer8managers17broadcast_managerNtB4_23BroadcastChannelManagerNtNtCs5GmCzIpY9Qj_4core7default7Default7default
FNDA:1,_RNvMNtNtCsgw67b32qZET_15beatbox_trainer8managers17broadcast_managerNtB2_23BroadcastChannelManager16init_calibration
FNDA:1,_RNvMNtNtCsgw67b32qZET_15beatbox_trainer8managers17broadcast_managerNtB2_23BroadcastChannelManager17init_onset_events
FNDA:1,_RNvMNtNtCsgw67b32qZET_15beatbox_trainer8managers17broadcast_managerNtB2_23BroadcastChannelManager18init_audio_metrics
FNDA:2,_RNvMNtNtCsgw67b32qZET_15beatbox_trainer8managers17broadcast_managerNtB2_23BroadcastChannelManager19init_classification
FNDA:3,_RNvMNtNtCsgw67b32qZET_15beatbox_trainer8managers17broadcast_managerNtB2_23BroadcastChannelManager21subscribe_calibration
FNDA:3,_RNvMNtNtCsgw67b32qZET_15beatbox_trainer8managers17broadcast_managerNtB2_23BroadcastChannelManager22subscribe_onset_events
FNDA:3,_RNvMNtNtCsgw67b32qZET_15beatbox_trainer8managers17broadcast_managerNtB2_23BroadcastChannelManager23subscribe_audio_metrics
FNDA:5,_RNvMNtNtCsgw67b32qZET_15beatbox_trainer8managers17broadcast_managerNtB2_23BroadcastChannelManager24subscribe_classification
FNDA:6,_RNvMNtNtCsgw67b32qZET_15beatbox_trainer8managers17broadcast_managerNtB2_23BroadcastChannelManager3new
FNDA:1,_RNvXs_NtNtCsgw67b32qZET_15beatbox_trainer8managers17broadcast_managerNtB4_23BroadcastChannelManagerNtNtCs5GmCzIpY9Qj_4core7default7Default7default
FNDA:1,_RNCNvMNtNtCsgw67b32qZET_15beatbox_trainer8managers17broadcast_managerNtB4_23BroadcastChannelManager21subscribe_calibration0B8_
FNDA:1,_RNCNvMNtNtCsgw67b32qZET_15beatbox_trainer8managers17broadcast_managerNtB4_23BroadcastChannelManager22subscribe_onset_events0B8_
FNDA:1,_RNCNvMNtNtCsgw67b32qZET_15beatbox_trainer8managers17broadcast_managerNtB4_23BroadcastChannelManager23subscribe_audio_metrics0B8_
FNDA:3,_RNCNvMNtNtCsgw67b32qZET_15beatbox_trainer8managers17broadcast_managerNtB4_23BroadcastChannelManager24subscribe_classification0B8_
FNDA:1,_RNvNtNtNtCsgw67b32qZET_15beatbox_trainer8managers17broadcast_manager5testss_27test_default_implementation
FNDA:1,_RNvNtNtNtCsgw67b32qZET_15beatbox_trainer8managers17broadcast_manager5testss_34test_calibration_channel_lifecycle
FNDA:1,_RNvNtNtNtCsgw67b32qZET_15beatbox_trainer8managers17broadcast_manager5testss_35test_onset_events_channel_lifecycle
FNDA:1,_RNvNtNtNtCsgw67b32qZET_15beatbox_trainer8managers17broadcast_manager5testss_36test_audio_metrics_channel_lifecycle
FNDA:1,_RNvNtNtNtCsgw67b32qZET_15beatbox_trainer8managers17broadcast_manager5testss_37test_classification_channel_lifecycle
FNDA:1,_RNvNtNtNtCsgw67b32qZET_15beatbox_trainer8managers17broadcast_manager5testss_40test_classification_multiple_subscribers
FNDA:1,_RNCNvMNtNtCsiSK7pM3Y3fM_15beatbox_trainer8managers17broadcast_managerNtB4_23BroadcastChannelManager21subscribe_calibration0B8_
FNDA:0,_RNCNvMNtNtCsiSK7pM3Y3fM_15beatbox_trainer8managers17broadcast_managerNtB4_23BroadcastChannelManager22subscribe_onset_events0B8_
FNDA:0,_RNCNvMNtNtCsiSK7pM3Y3fM_15beatbox_trainer8managers17broadcast_managerNtB4_23BroadcastChannelManager23subscribe_audio_metrics0B8_
FNDA:0,_RNCNvMNtNtCsiSK7pM3Y3fM_15beatbox_trainer8managers17broadcast_managerNtB4_23BroadcastChannelManager24subscribe_classification0B8_
FNDA:5,_RNvMNtNtCsiSK7pM3Y3fM_15beatbox_trainer8managers17broadcast_managerNtB2_23BroadcastChannelManager16init_calibration
FNDA:0,_RNvMNtNtCsiSK7pM3Y3fM_15beatbox_trainer8managers17broadcast_managerNtB2_23BroadcastChannelManager17init_onset_events
FNDA:0,_RNvMNtNtCsiSK7pM3Y3fM_15beatbox_trainer8managers17broadcast_managerNtB2_23BroadcastChannelManager18init_audio_metrics
FNDA:0,_RNvMNtNtCsiSK7pM3Y3fM_15beatbox_trainer8managers17broadcast_managerNtB2_23BroadcastChannelManager19init_classification
FNDA:1,_RNvMNtNtCsiSK7pM3Y3fM_15beatbox_trainer8managers17broadcast_managerNtB2_23BroadcastChannelManager21subscribe_calibration
FNDA:0,_RNvMNtNtCsiSK7pM3Y3fM_15beatbox_trainer8managers17broadcast_managerNtB2_23BroadcastChannelManager22subscribe_onset_events
FNDA:0,_RNvMNtNtCsiSK7pM3Y3fM_15beatbox_trainer8managers17broadcast_managerNtB2_23BroadcastChannelManager23subscribe_audio_metrics
FNDA:1,_RNvMNtNtCsiSK7pM3Y3fM_15beatbox_trainer8managers17broadcast_managerNtB2_23BroadcastChannelManager24subscribe_classification
FNDA:8,_RNvMNtNtCsiSK7pM3Y3fM_15beatbox_trainer8managers17broadcast_managerNtB2_23BroadcastChannelManager3new
FNDA:0,_RNvXs_NtNtCsiSK7pM3Y3fM_15beatbox_trainer8managers17broadcast_managerNtB4_23BroadcastChannelManagerNtNtCs5GmCzIpY9Qj_4core7default7Default7default
FNF:20
FNH:20
DA:37,14
DA:38,14
DA:39,14
DA:40,14
DA:41,14
DA:42,14
DA:43,14
DA:44,14
DA:62,2
DA:63,2
DA:64,2
DA:65,2
DA:66,2
DA:80,6
DA:81,6
DA:82,6
DA:83,6
DA:84,6
DA:85,6
DA:86,6
DA:104,6
DA:105,6
DA:106,6
DA:107,6
DA:108,6
DA:120,4
DA:121,4
DA:122,4
DA:123,4
DA:124,4
DA:125,4
DA:126,4
DA:144,1
DA:145,1
DA:146,1
DA:147,1
DA:148,1
DA:156,3
DA:157,3
DA:158,3
DA:159,3
DA:160,3
DA:161,3
DA:162,3
DA:180,1
DA:181,1
DA:182,1
DA:183,1
DA:184,1
DA:192,3
DA:193,3
DA:194,3
DA:195,3
DA:196,3
DA:197,3
DA:198,3
DA:202,1
DA:203,1
DA:204,1
DA:212,1
DA:213,1
DA:216,1
DA:219,1
DA:222,1
DA:223,1
DA:224,1
DA:227,1
DA:231,1
DA:232,1
DA:235,1
DA:236,1
DA:239,1
DA:240,1
DA:241,1
DA:242,1
DA:243,1
DA:244,1
DA:245,1
DA:246,1
DA:247,1
DA:248,1
DA:251,1
DA:252,1
DA:253,1
DA:256,1
DA:257,1
DA:260,1
DA:263,1
DA:266,1
DA:267,1
DA:268,1
DA:271,1
DA:272,1
DA:275,1
DA:278,1
DA:281,1
DA:282,1
DA:283,1
DA:286,1
DA:287,1
DA:290,1
DA:293,1
DA:296,1
DA:297,1
DA:298,1
DA:301,1
DA:302,1
DA:305,1
DA:306,1
DA:307,1
DA:308,1
DA:309,1
BRF:0
BRH:0
LF:116
LH:116
end_of_record
SF:/home/rmondo/repos/beatbox-trainer/rust/src/managers/calibration_manager.rs
FN:138,_RNvMNtNtCsgw67b32qZET_15beatbox_trainer8managers19calibration_managerNtB2_18CalibrationManager13get_state_arc
FN:157,_RNCNvMNtNtCsgw67b32qZET_15beatbox_trainer8managers19calibration_managerNtB4_18CalibrationManager10load_state0B8_
FN:211,_RNCNvMNtNtCsgw67b32qZET_15beatbox_trainer8managers19calibration_managerNtB4_18CalibrationManager12update_state0B8_
FN:98,_RNCNvMNtNtCsgw67b32qZET_15beatbox_trainer8managers19calibration_managerNtB4_18CalibrationManager6finish0B8_
FN:124,_RNCNvMNtNtCsgw67b32qZET_15beatbox_trainer8managers19calibration_managerNtB4_18CalibrationManager9get_state0B8_
FN:337,_RNvNtNtNtCsgw67b32qZET_15beatbox_trainer8managers19calibration_manager5testss_12test_default
FN:291,_RNvNtNtNtCsgw67b32qZET_15beatbox_trainer8managers19calibration_manager5testss_14test_get_state
FN:300,_RNvNtNtNtCsgw67b32qZET_15beatbox_trainer8managers19calibration_manager5testss_15test_load_state
FN:242,_RNvNtNtNtCsgw67b32qZET_15beatbox_trainer8managers19calibration_manager5testss_22test_start_calibration
FN:269,_RNvNtNtNtCsgw67b32qZET_15beatbox_trainer8managers19calibration_manager5testss_25test_finish_without_start
FN:278,_RNvNtNtNtCsgw67b32qZET_15beatbox_trainer8managers19calibration_manager5testss_37test_finish_with_insufficient_samples
FN:319,_RNvNtNtNtCsgw67b32qZET_15beatbox_trainer8managers19calibration_manager5testss_40test_state_persistence_across_operations
FN:256,_RNvNtNtNtCsgw67b32qZET_15beatbox_trainer8managers19calibration_manager5testss_42test_start_calibration_already_in_progress
FN:230,_RNvNtNtNtCsgw67b32qZET_15beatbox_trainer8managers19calibration_manager5testss_8test_new
FN:156,_RNvMNtNtCsgw67b32qZET_15beatbox_trainer8managers19calibration_managerNtB2_18CalibrationManager10load_state
FN:179,_RNvMNtNtCsgw67b32qZET_15beatbox_trainer8managers19calibration_managerNtB2_18CalibrationManager10read_state
FN:188,_RNvMNtNtCsgw67b32qZET_15beatbox_trainer8managers19calibration_managerNtB2_18CalibrationManager11write_state
FN:210,_RNvMNtNtCsgw67b32qZET_15beatbox_trainer8managers19calibration_managerNtB2_18CalibrationManager12update_state
FN:170,_RNvMNtNtCsgw67b32qZET_15beatbox_trainer8managers19calibration_managerNtB2_18CalibrationManager14lock_procedure
FN:197,_RNvMNtNtCsgw67b32qZET_15beatbox_trainer8managers19calibration_managerNtB2_18CalibrationManager21check_not_in_progress
FN:42,_RNvMNtNtCsgw67b32qZET_15beatbox_trainer8managers19calibration_managerNtB2_18CalibrationManager3new
FN:66,_RNvMNtNtCsgw67b32qZET_15beatbox_trainer8managers19calibration_managerNtB2_18CalibrationManager5start
FN:94,_RNvMNtNtCsgw67b32qZET_15beatbox_trainer8managers19calibration_managerNtB2_18CalibrationManager6finish
FN:123,_RNvMNtNtCsgw67b32qZET_15beatbox_trainer8managers19calibration_managerNtB2_18CalibrationManager9get_state
FN:220,_RNvXs_NtNtCsgw67b32qZET_15beatbox_trainer8managers19calibration_managerNtB4_18CalibrationManagerNtNtCs5GmCzIpY9Qj_4core7default7Default7default
FN:156,_RNvMNtNtCsiSK7pM3Y3fM_15beatbox_trainer8managers19calibration_managerNtB2_18CalibrationManager10load_state
FN:179,_RNvMNtNtCsiSK7pM3Y3fM_15beatbox_trainer8managers19calibration_managerNtB2_18CalibrationManager10read_state
FN:188,_RNvMNtNtCsiSK7pM3Y3fM_15beatbox_trainer8managers19calibration_managerNtB2_18CalibrationManager11write_state
FN:210,_RNvMNtNtCsiSK7pM3Y3fM_15beatbox_trainer8managers19calibration_managerNtB2_18CalibrationManager12update_state
FN:138,_RNvMNtNtCsiSK7pM3Y3fM_15beatbox_trainer8managers19calibration_managerNtB2_18CalibrationManager13get_state_arc
FN:170,_RNvMNtNtCsiSK7pM3Y3fM_15beatbox_trainer8managers19calibration_managerNtB2_18CalibrationManager14lock_procedure
FN:197,_RNvMNtNtCsiSK7pM3Y3fM_15beatbox_trainer8managers19calibration_managerNtB2_18CalibrationManager21check_not_in_progress
FN:42,_RNvMNtNtCsiSK7pM3Y3fM_15beatbox_trainer8managers19calibration_managerNtB2_18CalibrationManager3new
FN:66,_RNvMNtNtCsiSK7pM3Y3fM_15beatbox_trainer8managers19calibration_managerNtB2_18CalibrationManager5start
FN:94,_RNvMNtNtCsiSK7pM3Y3fM_15beatbox_trainer8managers19calibration_managerNtB2_18CalibrationManager6finish
FN:123,_RNvMNtNtCsiSK7pM3Y3fM_15beatbox_trainer8managers19calibration_managerNtB2_18CalibrationManager9get_state
FN:220,_RNvXs_NtNtCsiSK7pM3Y3fM_15beatbox_trainer8managers19calibration_managerNtB4_18CalibrationManagerNtNtCs5GmCzIpY9Qj_4core7default7Default7default
FN:157,_RNCNvMNtNtCsiSK7pM3Y3fM_15beatbox_trainer8managers19calibration_managerNtB4_18CalibrationManager10load_state0B8_
FN:211,_RNCNvMNtNtCsiSK7pM3Y3fM_15beatbox_trainer8managers19calibration_managerNtB4_18CalibrationManager12update_state0B8_
FN:98,_RNCNvMNtNtCsiSK7pM3Y3fM_15beatbox_trainer8managers19calibration_managerNtB4_18CalibrationManager6finish0B8_
FN:124,_RNCNvMNtNtCsiSK7pM3Y3fM_15beatbox_trainer8managers19calibration_managerNtB4_18CalibrationManager9get_state0B8_
FNDA:0,_RNvMNtNtCsgw67b32qZET_15beatbox_trainer8managers19calibration_managerNtB2_18CalibrationManager13get_state_arc
FNDA:0,_RNCNvMNtNtCsgw67b32qZET_15beatbox_trainer8managers19calibration_managerNtB4_18CalibrationManager10load_state0B8_
FNDA:0,_RNCNvMNtNtCsgw67b32qZET_15beatbox_trainer8managers19calibration_managerNtB4_18CalibrationManager12update_state0B8_
FNDA:1,_RNCNvMNtNtCsgw67b32qZET_15beatbox_trainer8managers19calibration_managerNtB4_18CalibrationManager6finish0B8_
FNDA:0,_RNCNvMNtNtCsgw67b32qZET_15beatbox_trainer8managers19calibration_managerNtB4_18CalibrationManager9get_state0B8_
FNDA:1,_RNvNtNtNtCsgw67b32qZET_15beatbox_trainer8managers19calibration_manager5testss_12test_default
FNDA:1,_RNvNtNtNtCsgw67b32qZET_15beatbox_trainer8managers19calibration_manager5testss_14test_get_state
FNDA:1,_RNvNtNtNtCsgw67b32qZET_15beatbox_trainer8managers19calibration_manager5testss_15test_load_state
FNDA:1,_RNvNtNtNtCsgw67b32qZET_15beatbox_trainer8managers19calibration_manager5testss_22test_start_calibration
FNDA:1,_RNvNtNtNtCsgw67b32qZET_15beatbox_trainer8managers19calibration_manager5testss_25test_finish_without_start
FNDA:1,_RNvNtNtNtCsgw67b32qZET_15beatbox_trainer8managers19calibration_manager5testss_37test_finish_with_insufficient_samples
FNDA:1,_RNvNtNtNtCsgw67b32qZET_15beatbox_trainer8managers19calibration_manager5testss_40test_state_persistence_across_operations
FNDA:1,_RNvNtNtNtCsgw67b32qZET_15beatbox_trainer8managers19calibration_manager5testss_42test_start_calibration_already_in_progress
FNDA:1,_RNvNtNtNtCsgw67b32qZET_15beatbox_trainer8managers19calibration_manager5testss_8test_new
FNDA:2,_RNvMNtNtCsgw67b32qZET_15beatbox_trainer8managers19calibration_managerNtB2_18CalibrationManager10load_state
FNDA:4,_RNvMNtNtCsgw67b32qZET_15beatbox_trainer8managers19calibration_managerNtB2_18CalibrationManager10read_state
FNDA:2,_RNvMNtNtCsgw67b32qZET_15beatbox_trainer8managers19calibration_managerNtB2_18CalibrationManager11write_state
FNDA:0,_RNvMNtNtCsgw67b32qZET_15beatbox_trainer8managers19calibration_managerNtB2_18CalibrationManager12update_state
FNDA:10,_RNvMNtNtCsgw67b32qZET_15beatbox_trainer8managers19calibration_managerNtB2_18CalibrationManager14lock_procedure
FNDA:5,_RNvMNtNtCsgw67b32qZET_15beatbox_trainer8managers19calibration_managerNtB2_18CalibrationManager21check_not_in_progress
FNDA:9,_RNvMNtNtCsgw67b32qZET_15beatbox_trainer8managers19calibration_managerNtB2_18CalibrationManager3new
FNDA:5,_RNvMNtNtCsgw67b32qZET_15beatbox_trainer8managers19calibration_managerNtB2_18CalibrationManager5start
FNDA:2,_RNvMNtNtCsgw67b32qZET_15beatbox_trainer8managers19calibration_managerNtB2_18CalibrationManager6finish
FNDA:4,_RNvMNtNtCsgw67b32qZET_15beatbox_trainer8managers19calibration_managerNtB2_18CalibrationManager9get_state
FNDA:1,_RNvXs_NtNtCsgw67b32qZET_15beatbox_trainer8managers19calibration_managerNtB4_18CalibrationManagerNtNtCs5GmCzIpY9Qj_4core7default7Default7default
FNDA:0,_RNvMNtNtCsiSK7pM3Y3fM_15beatbox_trainer8managers19calibration_managerNtB2_18CalibrationManager10load_state
FNDA:0,_RNvMNtNtCsiSK7pM3Y3fM_15beatbox_trainer8managers19calibration_managerNtB2_18CalibrationManager10read_state
FNDA:0,_RNvMNtNtCsiSK7pM3Y3fM_15beatbox_trainer8managers19calibration_managerNtB2_18CalibrationManager11write_state
FNDA:0,_RNvMNtNtCsiSK7pM3Y3fM_15beatbox_trainer8managers19calibration_managerNtB2_18CalibrationManager12update_state
FNDA:0,_RNvMNtNtCsiSK7pM3Y3fM_15beatbox_trainer8managers19calibration_managerNtB2_18CalibrationManager13get_state_arc
FNDA:8,_RNvMNtNtCsiSK7pM3Y3fM_15beatbox_trainer8managers19calibration_managerNtB2_18CalibrationManager14lock_procedure
FNDA:5,_RNvMNtNtCsiSK7pM3Y3fM_15beatbox_trainer8managers19calibration_managerNtB2_18CalibrationManager21check_not_in_progress
FNDA:8,_RNvMNtNtCsiSK7pM3Y3fM_15beatbox_trainer8managers19calibration_managerNtB2_18CalibrationManager3new
FNDA:5,_RNvMNtNtCsiSK7pM3Y3fM_15beatbox_trainer8managers19calibration_managerNtB2_18CalibrationManager5start
FNDA:3,_RNvMNtNtCsiSK7pM3Y3fM_15beatbox_trainer8managers19calibration_managerNtB2_18CalibrationManager6finish
FNDA:0,_RNvMNtNtCsiSK7pM3Y3fM_15beatbox_trainer8managers19calibration_managerNtB2_18CalibrationManager9get_state
FNDA:0,_RNvXs_NtNtCsiSK7pM3Y3fM_15beatbox_trainer8managers19calibration_managerNtB4_18CalibrationManagerNtNtCs5GmCzIpY9Qj_4core7default7Default7default
FNDA:0,_RNCNvMNtNtCsiSK7pM3Y3fM_15beatbox_trainer8managers19calibration_managerNtB4_18CalibrationManager10load_state0B8_
FNDA:0,_RNCNvMNtNtCsiSK7pM3Y3fM_15beatbox_trainer8managers19calibration_managerNtB4_18CalibrationManager12update_state0B8_
FNDA:3,_RNCNvMNtNtCsiSK7pM3Y3fM_15beatbox_trainer8managers19calibration_managerNtB4_18CalibrationManager6finish0B8_
FNDA:0,_RNCNvMNtNtCsiSK7pM3Y3fM_15beatbox_trainer8managers19calibration_managerNtB4_18CalibrationManager9get_state0B8_
FNF:25
FNH:20
DA:42,17
DA:43,17
DA:44,17
DA:45,17
DA:46,17
DA:47,17
DA:66,10
DA:67,10
DA:68,10
DA:69,10
DA:70,10
DA:72,10
DA:74,8
DA:75,8
DA:77,8
DA:78,10
DA:94,5
DA:95,5
DA:97,5
DA:98,4
DA:99,4
DA:100,4
DA:102,0
DA:104,0
DA:106,1
DA:107,1
DA:108,1
DA:110,5
DA:123,4
DA:124,4
DA:125,0
DA:126,0
DA:128,4
DA:129,4
DA:138,0
DA:139,0
DA:140,0
DA:156,2
DA:157,2
DA:158,0
DA:159,0
DA:161,2
DA:162,2
DA:163,2
DA:170,18
DA:171,18
DA:172,18
DA:173,18
DA:174,18
DA:175,18
DA:176,18
DA:179,4
DA:180,4
DA:181,4
DA:182,4
DA:183,4
DA:184,4
DA:185,4
DA:188,2
DA:189,2
DA:190,2
DA:191,2
DA:192,2
DA:193,2
DA:194,2
DA:197,10
DA:198,10
DA:199,10
DA:200,10
DA:201,10
DA:202,2
DA:203,2
DA:204,2
DA:205,8
DA:206,8
DA:207,10
DA:210,0
DA:211,0
DA:212,0
DA:213,0
DA:214,0
DA:215,0
DA:216,0
DA:220,1
DA:221,1
DA:222,1
DA:230,1
DA:231,1
DA:234,1
DA:235,1
DA:237,1
DA:238,1
DA:239,1
DA:242,1
DA:243,1
DA:244,1
DA:247,1
DA:248,1
DA:251,1
DA:252,1
DA:253,1
DA:256,1
DA:257,1
DA:258,1
DA:261,1
DA:264,1
DA:265,1
DA:266,1
DA:269,1
DA:270,1
DA:273,1
DA:274,1
DA:275,1
DA:278,1
DA:279,1
DA:280,1
DA:283,1
DA:286,1
DA:287,1
DA:288,1
DA:291,1
DA:292,1
DA:294,1
DA:295,1
DA:296,1
DA:297,1
DA:300,1
DA:301,1
DA:304,1
DA:305,1
DA:306,1
DA:309,1
DA:310,1
DA:313,1
DA:314,1
DA:315,1
DA:316,1
DA:319,1
DA:320,1
DA:323,1
DA:324,1
DA:325,1
DA:328,1
DA:329,1
DA:332,1
DA:333,1
DA:334,1
DA:337,1
DA:338,1
DA:340,1
DA:341,1
DA:342,1
BRF:0
BRH:0
LF:160
LH:138
end_of_record